Started GET "/" for ::1 at 2021-12-16 21:45:11 +1100
  [1m[35m (0.9ms)[0m  [1m[34mSELECT "schema_migrations"."version" FROM "schema_migrations" ORDER BY "schema_migrations"."version" ASC[0m
Processing by PagesController#home as HTML
  Rendering pages/home.html.erb within layouts/application
  [1m[36mRoom Load (8.8ms)[0m  [1m[34mSELECT "rooms".* FROM "rooms"[0m
  ↳ app/views/pages/home.html.erb:14
  Rendered pages/home.html.erb within layouts/application (Duration: 1308.4ms | Allocations: 137388)
[Webpacker] Compiling...
[Webpacker] Compiled all packs in /home/melinda/01 My Projects/Space Out/public/packs
[Webpacker] Though the "loose" option was set to "false" in your @babel/preset-env config, it will not be used for @babel/plugin-proposal-private-property-in-object since the "loose" mode option was set to "true" for @babel/plugin-proposal-class-properties.
The "loose" option must be the same for @babel/plugin-proposal-class-properties, @babel/plugin-proposal-private-methods and @babel/plugin-proposal-private-property-in-object (when they are enabled): you can silence this warning by explicitly adding
	["@babel/plugin-proposal-private-property-in-object", { "loose": true }]
to the "plugins" section of your Babel config.
Though the "loose" option was set to "false" in your @babel/preset-env config, it will not be used for @babel/plugin-proposal-private-methods since the "loose" mode option was set to "true" for @babel/plugin-proposal-private-property-in-object.
The "loose" option must be the same for @babel/plugin-proposal-class-properties, @babel/plugin-proposal-private-methods and @babel/plugin-proposal-private-property-in-object (when they are enabled): you can silence this warning by explicitly adding
	["@babel/plugin-proposal-private-methods", { "loose": true }]
to the "plugins" section of your Babel config.
Though the "loose" option was set to "false" in your @babel/preset-env config, it will not be used for @babel/plugin-proposal-private-property-in-object since the "loose" mode option was set to "true" for @babel/plugin-proposal-class-properties.
The "loose" option must be the same for @babel/plugin-proposal-class-properties, @babel/plugin-proposal-private-methods and @babel/plugin-proposal-private-property-in-object (when they are enabled): you can silence this warning by explicitly adding
	["@babel/plugin-proposal-private-property-in-object", { "loose": true }]
to the "plugins" section of your Babel config.
Though the "loose" option was set to "false" in your @babel/preset-env config, it will not be used for @babel/plugin-proposal-private-methods since the "loose" mode option was set to "true" for @babel/plugin-proposal-private-property-in-object.
The "loose" option must be the same for @babel/plugin-proposal-class-properties, @babel/plugin-proposal-private-methods and @babel/plugin-proposal-private-property-in-object (when they are enabled): you can silence this warning by explicitly adding
	["@babel/plugin-proposal-private-methods", { "loose": true }]
to the "plugins" section of your Babel config.

[Webpacker] Hash: 98edb11b17c04abf3ae7
Version: webpack 4.46.0
Time: 895ms
Built at: 12/16/2021 9:45:14 PM
                                     Asset       Size       Chunks                         Chunk Names
    js/application-b3541a53c0ce97a607aa.js    611 KiB  application  [emitted] [immutable]  application
js/application-b3541a53c0ce97a607aa.js.map    750 KiB  application  [emitted] [dev]        application
                             manifest.json  364 bytes               [emitted]              
Entrypoint application = js/application-b3541a53c0ce97a607aa.js js/application-b3541a53c0ce97a607aa.js.map
[./app/javascript/channels sync recursive _channel\.js$] ./app/javascript/channels sync _channel\.js$ 160 bytes {application} [built]
[./app/javascript/channels/index.js] 211 bytes {application} [built]
[./app/javascript/packs/application.js] 1.18 KiB {application} [built]
[./node_modules/webpack/buildin/global.js] (webpack)/buildin/global.js 472 bytes {application} [built]
    + 6 hidden modules

  Rendered shared/_navbar.html.erb (Duration: 2.7ms | Allocations: 1095)
  Rendered shared/_footer.html.erb (Duration: 0.2ms | Allocations: 87)
Completed 200 OK in 3243ms (Views: 3217.1ms | ActiveRecord: 12.2ms | Allocations: 156357)


Started GET "/" for ::1 at 2021-12-16 21:49:20 +1100
Processing by PagesController#home as HTML
  Rendering pages/home.html.erb within layouts/application
  [1m[36mRoom Load (0.3ms)[0m  [1m[34mSELECT "rooms".* FROM "rooms"[0m
  ↳ app/views/pages/home.html.erb:14
  Rendered pages/home.html.erb within layouts/application (Duration: 2.9ms | Allocations: 1801)
[Webpacker] Everything's up-to-date. Nothing to do
  Rendered shared/_navbar.html.erb (Duration: 1.6ms | Allocations: 1048)
  Rendered shared/_footer.html.erb (Duration: 0.2ms | Allocations: 82)
Completed 200 OK in 17ms (Views: 16.0ms | ActiveRecord: 0.3ms | Allocations: 16556)


Started GET "/" for ::1 at 2021-12-16 21:50:00 +1100
Processing by PagesController#home as HTML
  Rendering pages/home.html.erb within layouts/application
  [1m[36mRoom Load (0.7ms)[0m  [1m[34mSELECT "rooms".* FROM "rooms"[0m
  ↳ app/views/pages/home.html.erb:14
  Rendered pages/home.html.erb within layouts/application (Duration: 7.0ms | Allocations: 1798)
[Webpacker] Everything's up-to-date. Nothing to do
  Rendered shared/_navbar.html.erb (Duration: 1.4ms | Allocations: 1048)
  Rendered shared/_footer.html.erb (Duration: 0.2ms | Allocations: 82)
Completed 200 OK in 32ms (Views: 28.5ms | ActiveRecord: 0.7ms | Allocations: 16536)


Started GET "/" for ::1 at 2021-12-16 21:50:58 +1100
Processing by PagesController#home as HTML
  Rendering pages/home.html.erb within layouts/application
  [1m[36mRoom Load (1.0ms)[0m  [1m[34mSELECT "rooms".* FROM "rooms"[0m
  ↳ app/views/pages/home.html.erb:14
  Rendered pages/home.html.erb within layouts/application (Duration: 10.0ms | Allocations: 1789)
[Webpacker] Everything's up-to-date. Nothing to do
  Rendered shared/_navbar.html.erb (Duration: 1.5ms | Allocations: 1048)
  Rendered shared/_footer.html.erb (Duration: 0.2ms | Allocations: 82)
Completed 200 OK in 39ms (Views: 35.3ms | ActiveRecord: 1.0ms | Allocations: 16519)


Started GET "/" for ::1 at 2021-12-16 21:51:28 +1100
Processing by PagesController#home as HTML
  Rendering pages/home.html.erb within layouts/application
  [1m[36mRoom Load (1.0ms)[0m  [1m[34mSELECT "rooms".* FROM "rooms"[0m
  ↳ app/views/pages/home.html.erb:14
  Rendered pages/home.html.erb within layouts/application (Duration: 10.4ms | Allocations: 1792)
[Webpacker] Everything's up-to-date. Nothing to do
  Rendered shared/_navbar.html.erb (Duration: 1.9ms | Allocations: 1053)
  Rendered shared/_footer.html.erb (Duration: 0.2ms | Allocations: 82)
Completed 200 OK in 42ms (Views: 37.5ms | ActiveRecord: 1.0ms | Allocations: 16563)


Started GET "/" for ::1 at 2021-12-16 21:52:21 +1100
Processing by PagesController#home as HTML
  Rendering pages/home.html.erb within layouts/application
  [1m[36mRoom Load (0.9ms)[0m  [1m[34mSELECT "rooms".* FROM "rooms"[0m
  ↳ app/views/pages/home.html.erb:14
  Rendered pages/home.html.erb within layouts/application (Duration: 11.0ms | Allocations: 1798)
[Webpacker] Everything's up-to-date. Nothing to do
  Rendered shared/_navbar.html.erb (Duration: 1.7ms | Allocations: 1049)
  Rendered shared/_footer.html.erb (Duration: 0.2ms | Allocations: 82)
Completed 200 OK in 40ms (Views: 36.8ms | ActiveRecord: 0.9ms | Allocations: 16544)


Started GET "/" for ::1 at 2021-12-16 21:54:02 +1100
Processing by PagesController#home as HTML
  Rendering pages/home.html.erb within layouts/application
  [1m[36mRoom Load (0.5ms)[0m  [1m[34mSELECT "rooms".* FROM "rooms"[0m
  ↳ app/views/pages/home.html.erb:14
  Rendered pages/home.html.erb within layouts/application (Duration: 7.4ms | Allocations: 1789)
[Webpacker] Everything's up-to-date. Nothing to do
  Rendered shared/_navbar.html.erb (Duration: 2.2ms | Allocations: 1048)
  Rendered shared/_footer.html.erb (Duration: 0.2ms | Allocations: 82)
Completed 200 OK in 37ms (Views: 33.2ms | ActiveRecord: 0.5ms | Allocations: 16516)


Started GET "/" for ::1 at 2021-12-16 21:54:50 +1100
Processing by PagesController#home as HTML
  Rendering pages/home.html.erb within layouts/application
  [1m[36mRoom Load (0.5ms)[0m  [1m[34mSELECT "rooms".* FROM "rooms"[0m
  ↳ app/views/pages/home.html.erb:14
  Rendered pages/home.html.erb within layouts/application (Duration: 7.4ms | Allocations: 1789)
[Webpacker] Everything's up-to-date. Nothing to do
  Rendered shared/_navbar.html.erb (Duration: 2.2ms | Allocations: 1048)
  Rendered shared/_footer.html.erb (Duration: 0.3ms | Allocations: 82)
Completed 200 OK in 41ms (Views: 38.6ms | ActiveRecord: 0.5ms | Allocations: 16518)


Started GET "/" for ::1 at 2021-12-16 21:55:08 +1100
Processing by PagesController#home as HTML
  Rendering pages/home.html.erb within layouts/application
  [1m[36mRoom Load (2.2ms)[0m  [1m[34mSELECT "rooms".* FROM "rooms"[0m
  ↳ app/views/pages/home.html.erb:14
  Rendered pages/home.html.erb within layouts/application (Duration: 12.6ms | Allocations: 1952)
[Webpacker] Everything's up-to-date. Nothing to do
  Rendered shared/_navbar.html.erb (Duration: 1.4ms | Allocations: 1052)
  Rendered shared/_footer.html.erb (Duration: 0.3ms | Allocations: 82)
Completed 200 OK in 41ms (Views: 36.3ms | ActiveRecord: 2.2ms | Allocations: 16769)


Started GET "/" for ::1 at 2021-12-16 21:55:25 +1100
Processing by PagesController#home as HTML
  Rendering pages/home.html.erb within layouts/application
  [1m[36mRoom Load (1.0ms)[0m  [1m[34mSELECT "rooms".* FROM "rooms"[0m
  ↳ app/views/pages/home.html.erb:14
  Rendered pages/home.html.erb within layouts/application (Duration: 11.2ms | Allocations: 1790)
[Webpacker] Everything's up-to-date. Nothing to do
  Rendered shared/_navbar.html.erb (Duration: 1.6ms | Allocations: 1053)
  Rendered shared/_footer.html.erb (Duration: 0.3ms | Allocations: 82)
Completed 200 OK in 38ms (Views: 34.7ms | ActiveRecord: 1.0ms | Allocations: 16536)


Started GET "/" for ::1 at 2021-12-16 22:21:52 +1100
Processing by PagesController#home as HTML
  Rendering pages/home.html.erb within layouts/application
  [1m[36mRoom Load (0.7ms)[0m  [1m[34mSELECT "rooms".* FROM "rooms"[0m
  ↳ app/views/pages/home.html.erb:14
  Rendered pages/home.html.erb within layouts/application (Duration: 4.8ms | Allocations: 1994)
[Webpacker] Everything's up-to-date. Nothing to do
  Rendered shared/_navbar.html.erb (Duration: 1.3ms | Allocations: 1048)
  Rendered shared/_footer.html.erb (Duration: 0.2ms | Allocations: 82)
Completed 200 OK in 20ms (Views: 18.6ms | ActiveRecord: 0.7ms | Allocations: 16729)


Started GET "/" for ::1 at 2021-12-16 22:22:48 +1100
Processing by PagesController#home as HTML
  Rendering pages/home.html.erb within layouts/application
  [1m[36mRoom Load (0.9ms)[0m  [1m[34mSELECT "rooms".* FROM "rooms"[0m
  ↳ app/views/pages/home.html.erb:14
  Rendered pages/home.html.erb within layouts/application (Duration: 7.5ms | Allocations: 1593)
[Webpacker] Everything's up-to-date. Nothing to do
  Rendered shared/_navbar.html.erb (Duration: 1.2ms | Allocations: 773)
  Rendered shared/_footer.html.erb (Duration: 0.0ms | Allocations: 5)
Completed 200 OK in 977ms (Views: 974.0ms | ActiveRecord: 0.9ms | Allocations: 97546)


Started GET "/" for ::1 at 2021-12-16 22:23:25 +1100
Processing by PagesController#home as HTML
  Rendering pages/home.html.erb within layouts/application
  [1m[36mRoom Load (1.1ms)[0m  [1m[34mSELECT "rooms".* FROM "rooms"[0m
  ↳ app/views/pages/home.html.erb:14
  Rendered pages/home.html.erb within layouts/application (Duration: 8.7ms | Allocations: 1588)
[Webpacker] Everything's up-to-date. Nothing to do
  Rendered shared/_navbar.html.erb (Duration: 0.8ms | Allocations: 770)
  Rendered shared/_footer.html.erb (Duration: 0.0ms | Allocations: 5)
Completed 200 OK in 977ms (Views: 973.7ms | ActiveRecord: 1.1ms | Allocations: 101543)


Started GET "/" for ::1 at 2021-12-16 22:23:41 +1100
Processing by PagesController#home as HTML
  Rendering pages/home.html.erb within layouts/application
  [1m[36mRoom Load (2.4ms)[0m  [1m[34mSELECT "rooms".* FROM "rooms"[0m
  ↳ app/views/pages/home.html.erb:14
  Rendered pages/home.html.erb within layouts/application (Duration: 9.9ms | Allocations: 1744)
[Webpacker] Everything's up-to-date. Nothing to do
  Rendered shared/_navbar.html.erb (Duration: 1.0ms | Allocations: 770)
  Rendered shared/_footer.html.erb (Duration: 0.0ms | Allocations: 5)
Completed 200 OK in 940ms (Views: 936.4ms | ActiveRecord: 2.4ms | Allocations: 105228)


Started GET "/" for ::1 at 2021-12-16 22:24:16 +1100
Processing by PagesController#home as HTML
  Rendering pages/home.html.erb within layouts/application
  [1m[36mRoom Load (1.1ms)[0m  [1m[34mSELECT "rooms".* FROM "rooms"[0m
  ↳ app/views/pages/home.html.erb:14
  Rendered pages/home.html.erb within layouts/application (Duration: 9.5ms | Allocations: 1588)
[Webpacker] Everything's up-to-date. Nothing to do
  Rendered shared/_navbar.html.erb (Duration: 1.0ms | Allocations: 770)
  Rendered shared/_footer.html.erb (Duration: 0.0ms | Allocations: 5)
Completed 200 OK in 988ms (Views: 985.0ms | ActiveRecord: 1.1ms | Allocations: 105108)


Started GET "/" for ::1 at 2021-12-16 22:25:15 +1100
Processing by PagesController#home as HTML
  Rendering pages/home.html.erb within layouts/application
  [1m[36mRoom Load (1.1ms)[0m  [1m[34mSELECT "rooms".* FROM "rooms"[0m
  ↳ app/views/pages/home.html.erb:14
  Rendered pages/home.html.erb within layouts/application (Duration: 10.0ms | Allocations: 1845)
[Webpacker] Everything's up-to-date. Nothing to do
  Rendered shared/_navbar.html.erb (Duration: 1.3ms | Allocations: 1055)
  Rendered shared/_footer.html.erb (Duration: 0.2ms | Allocations: 82)
Completed 200 OK in 956ms (Views: 952.3ms | ActiveRecord: 1.1ms | Allocations: 106586)


Started GET "/" for ::1 at 2021-12-16 22:25:59 +1100
Processing by PagesController#home as HTML
  Rendering pages/home.html.erb within layouts/application
  [1m[36mRoom Load (0.4ms)[0m  [1m[34mSELECT "rooms".* FROM "rooms"[0m
  ↳ app/views/pages/home.html.erb:14
  Rendered pages/home.html.erb within layouts/application (Duration: 3.1ms | Allocations: 1593)
[Webpacker] Everything's up-to-date. Nothing to do
  Rendered shared/_navbar.html.erb (Duration: 1.0ms | Allocations: 769)
  Rendered shared/_footer.html.erb (Duration: 0.0ms | Allocations: 5)
Completed 200 OK in 936ms (Views: 934.5ms | ActiveRecord: 0.4ms | Allocations: 104630)


Started GET "/" for ::1 at 2021-12-16 22:27:10 +1100
Processing by PagesController#home as HTML
  Rendering pages/home.html.erb within layouts/application
  [1m[36mRoom Load (0.7ms)[0m  [1m[34mSELECT "rooms".* FROM "rooms"[0m
  ↳ app/views/pages/home.html.erb:14
  Rendered pages/home.html.erb within layouts/application (Duration: 16.6ms | Allocations: 1589)
[Webpacker] Everything's up-to-date. Nothing to do
  Rendered shared/_navbar.html.erb (Duration: 1.0ms | Allocations: 769)
  Rendered shared/_footer.html.erb (Duration: 0.0ms | Allocations: 5)
Completed 200 OK in 925ms (Views: 922.1ms | ActiveRecord: 0.7ms | Allocations: 105120)


Started GET "/" for ::1 at 2021-12-16 22:27:54 +1100
Processing by PagesController#home as HTML
  Rendering pages/home.html.erb within layouts/application
  [1m[36mRoom Load (0.8ms)[0m  [1m[34mSELECT "rooms".* FROM "rooms"[0m
  ↳ app/views/pages/home.html.erb:14
  Rendered pages/home.html.erb within layouts/application (Duration: 6.3ms | Allocations: 1588)
[Webpacker] Everything's up-to-date. Nothing to do
  Rendered shared/_navbar.html.erb (Duration: 0.8ms | Allocations: 769)
  Rendered shared/_footer.html.erb (Duration: 0.0ms | Allocations: 5)
Completed 200 OK in 982ms (Views: 979.3ms | ActiveRecord: 0.8ms | Allocations: 104610)


Started GET "/" for ::1 at 2021-12-16 22:28:45 +1100
Processing by PagesController#home as HTML
  Rendering pages/home.html.erb within layouts/application
  [1m[36mRoom Load (1.1ms)[0m  [1m[34mSELECT "rooms".* FROM "rooms"[0m
  ↳ app/views/pages/home.html.erb:14
  Rendered pages/home.html.erb within layouts/application (Duration: 7.2ms | Allocations: 1588)
[Webpacker] Everything's up-to-date. Nothing to do
  Rendered shared/_navbar.html.erb (Duration: 0.8ms | Allocations: 769)
  Rendered shared/_footer.html.erb (Duration: 0.0ms | Allocations: 5)
Completed 200 OK in 905ms (Views: 902.4ms | ActiveRecord: 1.1ms | Allocations: 104618)


Started GET "/" for ::1 at 2021-12-16 22:29:13 +1100
Processing by PagesController#home as HTML
  Rendering pages/home.html.erb within layouts/application
  [1m[36mRoom Load (0.9ms)[0m  [1m[34mSELECT "rooms".* FROM "rooms"[0m
  ↳ app/views/pages/home.html.erb:14
  Rendered pages/home.html.erb within layouts/application (Duration: 7.1ms | Allocations: 1588)
[Webpacker] Everything's up-to-date. Nothing to do
  Rendered shared/_navbar.html.erb (Duration: 0.8ms | Allocations: 769)
  Rendered shared/_footer.html.erb (Duration: 0.0ms | Allocations: 5)
Completed 200 OK in 925ms (Views: 922.3ms | ActiveRecord: 0.9ms | Allocations: 104612)


Started GET "/" for ::1 at 2021-12-16 22:29:29 +1100
Processing by PagesController#home as HTML
  Rendering pages/home.html.erb within layouts/application
  [1m[36mRoom Load (1.1ms)[0m  [1m[34mSELECT "rooms".* FROM "rooms"[0m
  ↳ app/views/pages/home.html.erb:14
  Rendered pages/home.html.erb within layouts/application (Duration: 7.9ms | Allocations: 1588)
[Webpacker] Everything's up-to-date. Nothing to do
  Rendered shared/_navbar.html.erb (Duration: 0.8ms | Allocations: 770)
  Rendered shared/_footer.html.erb (Duration: 0.0ms | Allocations: 5)
Completed 200 OK in 966ms (Views: 963.6ms | ActiveRecord: 1.1ms | Allocations: 104661)


Started GET "/" for ::1 at 2021-12-16 22:29:50 +1100
Processing by PagesController#home as HTML
  Rendering pages/home.html.erb within layouts/application
  [1m[36mRoom Load (0.6ms)[0m  [1m[34mSELECT "rooms".* FROM "rooms"[0m
  ↳ app/views/pages/home.html.erb:14
  Rendered pages/home.html.erb within layouts/application (Duration: 6.0ms | Allocations: 1588)
[Webpacker] Everything's up-to-date. Nothing to do
  Rendered shared/_navbar.html.erb (Duration: 1.9ms | Allocations: 770)
  Rendered shared/_footer.html.erb (Duration: 0.0ms | Allocations: 5)
Completed 200 OK in 935ms (Views: 932.3ms | ActiveRecord: 0.6ms | Allocations: 104625)


Started GET "/" for ::1 at 2021-12-16 22:30:14 +1100
Processing by PagesController#home as HTML
  Rendering pages/home.html.erb within layouts/application
  [1m[36mRoom Load (1.0ms)[0m  [1m[34mSELECT "rooms".* FROM "rooms"[0m
  ↳ app/views/pages/home.html.erb:14
  Rendered pages/home.html.erb within layouts/application (Duration: 8.5ms | Allocations: 1589)
[Webpacker] Everything's up-to-date. Nothing to do
  Rendered shared/_navbar.html.erb (Duration: 0.9ms | Allocations: 769)
  Rendered shared/_footer.html.erb (Duration: 0.0ms | Allocations: 5)
Completed 200 OK in 914ms (Views: 910.9ms | ActiveRecord: 1.0ms | Allocations: 104623)


Started GET "/" for ::1 at 2021-12-16 22:30:40 +1100
Processing by PagesController#home as HTML
  Rendering pages/home.html.erb within layouts/application
  [1m[36mRoom Load (1.0ms)[0m  [1m[34mSELECT "rooms".* FROM "rooms"[0m
  ↳ app/views/pages/home.html.erb:14
  Rendered pages/home.html.erb within layouts/application (Duration: 7.9ms | Allocations: 1588)
[Webpacker] Everything's up-to-date. Nothing to do
  Rendered shared/_navbar.html.erb (Duration: 0.9ms | Allocations: 769)
  Rendered shared/_footer.html.erb (Duration: 0.0ms | Allocations: 5)
Completed 200 OK in 917ms (Views: 914.8ms | ActiveRecord: 1.0ms | Allocations: 104613)


Started GET "/" for ::1 at 2021-12-16 22:31:00 +1100
Processing by PagesController#home as HTML
  Rendering pages/home.html.erb within layouts/application
  [1m[36mRoom Load (0.6ms)[0m  [1m[34mSELECT "rooms".* FROM "rooms"[0m
  ↳ app/views/pages/home.html.erb:14
  Rendered pages/home.html.erb within layouts/application (Duration: 9.4ms | Allocations: 1588)
[Webpacker] Everything's up-to-date. Nothing to do
  Rendered shared/_navbar.html.erb (Duration: 1.1ms | Allocations: 769)
  Rendered shared/_footer.html.erb (Duration: 0.0ms | Allocations: 5)
Completed 200 OK in 958ms (Views: 955.4ms | ActiveRecord: 0.6ms | Allocations: 104619)


Started GET "/" for ::1 at 2021-12-16 22:31:26 +1100
Processing by PagesController#home as HTML
  Rendering pages/home.html.erb within layouts/application
  [1m[36mRoom Load (1.0ms)[0m  [1m[34mSELECT "rooms".* FROM "rooms"[0m
  ↳ app/views/pages/home.html.erb:14
  Rendered pages/home.html.erb within layouts/application (Duration: 8.3ms | Allocations: 1588)
[Webpacker] Everything's up-to-date. Nothing to do
  Rendered shared/_navbar.html.erb (Duration: 0.8ms | Allocations: 770)
  Rendered shared/_footer.html.erb (Duration: 0.0ms | Allocations: 5)
Completed 200 OK in 908ms (Views: 905.7ms | ActiveRecord: 1.0ms | Allocations: 105056)


Started GET "/" for ::1 at 2021-12-16 22:31:46 +1100
Processing by PagesController#home as HTML
  Rendering pages/home.html.erb within layouts/application
  [1m[36mRoom Load (0.9ms)[0m  [1m[34mSELECT "rooms".* FROM "rooms"[0m
  ↳ app/views/pages/home.html.erb:14
  Rendered pages/home.html.erb within layouts/application (Duration: 7.9ms | Allocations: 1588)
[Webpacker] Everything's up-to-date. Nothing to do
  Rendered shared/_navbar.html.erb (Duration: 0.9ms | Allocations: 770)
  Rendered shared/_footer.html.erb (Duration: 0.0ms | Allocations: 5)
Completed 200 OK in 933ms (Views: 930.0ms | ActiveRecord: 0.9ms | Allocations: 105065)


Started GET "/" for ::1 at 2021-12-16 22:32:14 +1100
Processing by PagesController#home as HTML
  Rendering pages/home.html.erb within layouts/application
  [1m[36mRoom Load (1.0ms)[0m  [1m[34mSELECT "rooms".* FROM "rooms"[0m
  ↳ app/views/pages/home.html.erb:14
  Rendered pages/home.html.erb within layouts/application (Duration: 7.9ms | Allocations: 1588)
[Webpacker] Everything's up-to-date. Nothing to do
  Rendered shared/_navbar.html.erb (Duration: 0.8ms | Allocations: 770)
  Rendered shared/_footer.html.erb (Duration: 0.0ms | Allocations: 5)
Completed 200 OK in 924ms (Views: 921.0ms | ActiveRecord: 1.0ms | Allocations: 104619)


Started GET "/" for ::1 at 2021-12-16 22:33:06 +1100
Processing by PagesController#home as HTML
  Rendering pages/home.html.erb within layouts/application
  [1m[36mRoom Load (0.5ms)[0m  [1m[34mSELECT "rooms".* FROM "rooms"[0m
  ↳ app/views/pages/home.html.erb:14
  Rendered pages/home.html.erb within layouts/application (Duration: 4.5ms | Allocations: 1795)
[Webpacker] Everything's up-to-date. Nothing to do
  Rendered shared/_navbar.html.erb (Duration: 1.2ms | Allocations: 1055)
  Rendered shared/_footer.html.erb (Duration: 0.2ms | Allocations: 82)
Completed 200 OK in 958ms (Views: 956.5ms | ActiveRecord: 0.5ms | Allocations: 106951)


Started GET "/" for ::1 at 2021-12-16 22:33:33 +1100
Processing by PagesController#home as HTML
  Rendering pages/home.html.erb within layouts/application
  [1m[36mRoom Load (1.0ms)[0m  [1m[34mSELECT "rooms".* FROM "rooms"[0m
  ↳ app/views/pages/home.html.erb:14
  Rendered pages/home.html.erb within layouts/application (Duration: 7.4ms | Allocations: 1593)
[Webpacker] Everything's up-to-date. Nothing to do
  Rendered shared/_navbar.html.erb (Duration: 0.9ms | Allocations: 773)
  Rendered shared/_footer.html.erb (Duration: 0.0ms | Allocations: 5)
Completed 200 OK in 918ms (Views: 915.5ms | ActiveRecord: 1.0ms | Allocations: 104634)


Started GET "/" for ::1 at 2021-12-16 22:34:01 +1100
Processing by PagesController#home as HTML
  Rendering pages/home.html.erb within layouts/application
  [1m[36mRoom Load (0.8ms)[0m  [1m[34mSELECT "rooms".* FROM "rooms"[0m
  ↳ app/views/pages/home.html.erb:14
  Rendered pages/home.html.erb within layouts/application (Duration: 7.3ms | Allocations: 1591)
[Webpacker] Everything's up-to-date. Nothing to do
  Rendered shared/_navbar.html.erb (Duration: 0.9ms | Allocations: 770)
  Rendered shared/_footer.html.erb (Duration: 0.0ms | Allocations: 5)
Completed 200 OK in 960ms (Views: 957.5ms | ActiveRecord: 0.8ms | Allocations: 104614)


Started GET "/" for ::1 at 2021-12-16 22:34:28 +1100
Processing by PagesController#home as HTML
  Rendering pages/home.html.erb within layouts/application
  [1m[36mRoom Load (1.2ms)[0m  [1m[34mSELECT "rooms".* FROM "rooms"[0m
  ↳ app/views/pages/home.html.erb:14
  Rendered pages/home.html.erb within layouts/application (Duration: 9.3ms | Allocations: 1590)
[Webpacker] Everything's up-to-date. Nothing to do
  Rendered shared/_navbar.html.erb (Duration: 0.9ms | Allocations: 770)
  Rendered shared/_footer.html.erb (Duration: 0.0ms | Allocations: 5)
Completed 200 OK in 958ms (Views: 955.0ms | ActiveRecord: 1.2ms | Allocations: 104625)


Started GET "/" for ::1 at 2021-12-16 22:34:50 +1100
Processing by PagesController#home as HTML
  Rendering pages/home.html.erb within layouts/application
  [1m[36mRoom Load (0.9ms)[0m  [1m[34mSELECT "rooms".* FROM "rooms"[0m
  ↳ app/views/pages/home.html.erb:14
  Rendered pages/home.html.erb within layouts/application (Duration: 8.0ms | Allocations: 1591)
[Webpacker] Everything's up-to-date. Nothing to do
  Rendered shared/_navbar.html.erb (Duration: 0.8ms | Allocations: 770)
  Rendered shared/_footer.html.erb (Duration: 0.0ms | Allocations: 5)
Completed 200 OK in 968ms (Views: 965.3ms | ActiveRecord: 0.9ms | Allocations: 104693)


Started GET "/" for ::1 at 2021-12-16 22:35:06 +1100
Processing by PagesController#home as HTML
  Rendering pages/home.html.erb within layouts/application
  [1m[36mRoom Load (0.9ms)[0m  [1m[34mSELECT "rooms".* FROM "rooms"[0m
  ↳ app/views/pages/home.html.erb:14
  Rendered pages/home.html.erb within layouts/application (Duration: 8.9ms | Allocations: 1590)
[Webpacker] Everything's up-to-date. Nothing to do
  Rendered shared/_navbar.html.erb (Duration: 1.1ms | Allocations: 770)
  Rendered shared/_footer.html.erb (Duration: 0.0ms | Allocations: 5)
Completed 200 OK in 972ms (Views: 969.6ms | ActiveRecord: 0.9ms | Allocations: 104637)


Started GET "/" for ::1 at 2021-12-16 22:35:33 +1100
Processing by PagesController#home as HTML
  Rendering pages/home.html.erb within layouts/application
  [1m[36mRoom Load (1.0ms)[0m  [1m[34mSELECT "rooms".* FROM "rooms"[0m
  ↳ app/views/pages/home.html.erb:14
  Rendered pages/home.html.erb within layouts/application (Duration: 11.5ms | Allocations: 1801)
[Webpacker] Everything's up-to-date. Nothing to do
  Rendered shared/_navbar.html.erb (Duration: 1.6ms | Allocations: 1048)
  Rendered shared/_footer.html.erb (Duration: 0.2ms | Allocations: 82)
Completed 200 OK in 42ms (Views: 38.2ms | ActiveRecord: 1.0ms | Allocations: 16599)


Started GET "/" for ::1 at 2021-12-16 22:36:31 +1100
Processing by PagesController#home as HTML
  Rendering pages/home.html.erb within layouts/application
  [1m[36mRoom Load (0.9ms)[0m  [1m[34mSELECT "rooms".* FROM "rooms"[0m
  ↳ app/views/pages/home.html.erb:14
  Rendered pages/home.html.erb within layouts/application (Duration: 8.9ms | Allocations: 1800)
[Webpacker] Everything's up-to-date. Nothing to do
  Rendered shared/_navbar.html.erb (Duration: 1.7ms | Allocations: 1049)
  Rendered shared/_footer.html.erb (Duration: 0.2ms | Allocations: 82)
Completed 200 OK in 39ms (Views: 34.8ms | ActiveRecord: 0.9ms | Allocations: 16551)


Started GET "/rooms" for ::1 at 2021-12-16 22:38:24 +1100
Processing by RoomsController#index as HTML
  Rendering rooms/index.html.erb within layouts/application
  [1m[36mRoom Load (0.4ms)[0m  [1m[34mSELECT "rooms".* FROM "rooms"[0m
  ↳ app/views/rooms/index.html.erb:37
  Rendered rooms/index.html.erb within layouts/application (Duration: 5.4ms | Allocations: 2947)
[Webpacker] Everything's up-to-date. Nothing to do
  Rendered shared/_navbar.html.erb (Duration: 1.2ms | Allocations: 1055)
  Rendered shared/_footer.html.erb (Duration: 0.2ms | Allocations: 82)
Completed 200 OK in 24ms (Views: 22.3ms | ActiveRecord: 0.4ms | Allocations: 17784)


Started GET "/rooms" for ::1 at 2021-12-16 22:38:55 +1100
Processing by RoomsController#index as HTML
  Rendering rooms/index.html.erb within layouts/application
  [1m[36mRoom Load (0.8ms)[0m  [1m[34mSELECT "rooms".* FROM "rooms"[0m
  ↳ app/views/rooms/index.html.erb:32
  Rendered rooms/index.html.erb within layouts/application (Duration: 11.8ms | Allocations: 2893)
[Webpacker] Everything's up-to-date. Nothing to do
  Rendered shared/_navbar.html.erb (Duration: 2.0ms | Allocations: 1052)
  Rendered shared/_footer.html.erb (Duration: 0.3ms | Allocations: 82)
Completed 200 OK in 42ms (Views: 38.4ms | ActiveRecord: 0.8ms | Allocations: 17653)


Started GET "/rooms" for ::1 at 2021-12-16 22:45:33 +1100
Processing by RoomsController#index as HTML
  Rendering rooms/index.html.erb within layouts/application
  [1m[36mRoom Load (1.0ms)[0m  [1m[34mSELECT "rooms".* FROM "rooms"[0m
  ↳ app/views/rooms/index.html.erb:22
  Rendered rooms/index.html.erb within layouts/application (Duration: 6.4ms | Allocations: 3039)
[Webpacker] Everything's up-to-date. Nothing to do
  Rendered shared/_navbar.html.erb (Duration: 1.4ms | Allocations: 1048)
  Rendered shared/_footer.html.erb (Duration: 0.3ms | Allocations: 82)
Completed 200 OK in 22ms (Views: 19.8ms | ActiveRecord: 1.0ms | Allocations: 17832)


Started GET "/rooms" for ::1 at 2021-12-16 22:50:27 +1100
Processing by RoomsController#index as HTML
  Rendering rooms/index.html.erb within layouts/application
  [1m[36mRoom Load (2.0ms)[0m  [1m[34mSELECT "rooms".* FROM "rooms"[0m
  ↳ app/views/rooms/index.html.erb:22
  Rendered rooms/index.html.erb within layouts/application (Duration: 16.5ms | Allocations: 3030)
[Webpacker] Everything's up-to-date. Nothing to do
  Rendered shared/_navbar.html.erb (Duration: 1.3ms | Allocations: 1057)
  Rendered shared/_footer.html.erb (Duration: 0.2ms | Allocations: 82)
Completed 200 OK in 909ms (Views: 904.2ms | ActiveRecord: 2.0ms | Allocations: 107626)


Started GET "/rooms" for ::1 at 2021-12-16 22:51:01 +1100
Processing by RoomsController#index as HTML
  Rendering rooms/index.html.erb within layouts/application
  [1m[36mRoom Load (1.1ms)[0m  [1m[34mSELECT "rooms".* FROM "rooms"[0m
  ↳ app/views/rooms/index.html.erb:22
  Rendered rooms/index.html.erb within layouts/application (Duration: 13.0ms | Allocations: 2548)
[Webpacker] Everything's up-to-date. Nothing to do
  Rendered shared/_navbar.html.erb (Duration: 0.8ms | Allocations: 773)
  Rendered shared/_footer.html.erb (Duration: 0.0ms | Allocations: 5)
Completed 200 OK in 901ms (Views: 898.8ms | ActiveRecord: 1.1ms | Allocations: 105462)


Started GET "/rooms" for ::1 at 2021-12-16 22:51:40 +1100
Processing by RoomsController#index as HTML
  Rendering rooms/index.html.erb within layouts/application
  [1m[36mRoom Load (1.1ms)[0m  [1m[34mSELECT "rooms".* FROM "rooms"[0m
  ↳ app/views/rooms/index.html.erb:22
  Rendered rooms/index.html.erb within layouts/application (Duration: 16.7ms | Allocations: 2878)
[Webpacker] Everything's up-to-date. Nothing to do
  Rendered shared/_navbar.html.erb (Duration: 1.6ms | Allocations: 1051)
  Rendered shared/_footer.html.erb (Duration: 0.3ms | Allocations: 82)
Completed 200 OK in 42ms (Views: 38.5ms | ActiveRecord: 1.1ms | Allocations: 17629)


Started GET "/rooms" for ::1 at 2021-12-16 22:52:39 +1100
Processing by RoomsController#index as HTML
  Rendering rooms/index.html.erb within layouts/application
  [1m[36mRoom Load (0.5ms)[0m  [1m[34mSELECT "rooms".* FROM "rooms"[0m
  ↳ app/views/rooms/index.html.erb:22
  Rendered rooms/index.html.erb within layouts/application (Duration: 8.3ms | Allocations: 2873)
[Webpacker] Everything's up-to-date. Nothing to do
  Rendered shared/_navbar.html.erb (Duration: 1.5ms | Allocations: 1055)
  Rendered shared/_footer.html.erb (Duration: 0.2ms | Allocations: 82)
Completed 200 OK in 33ms (Views: 31.0ms | ActiveRecord: 0.5ms | Allocations: 17611)


Started GET "/rooms" for ::1 at 2021-12-16 22:53:18 +1100
Processing by RoomsController#index as HTML
  Rendering rooms/index.html.erb within layouts/application
  [1m[36mRoom Load (0.7ms)[0m  [1m[34mSELECT "rooms".* FROM "rooms"[0m
  ↳ app/views/rooms/index.html.erb:22
  Rendered rooms/index.html.erb within layouts/application (Duration: 12.4ms | Allocations: 2873)
[Webpacker] Everything's up-to-date. Nothing to do
  Rendered shared/_navbar.html.erb (Duration: 1.6ms | Allocations: 1048)
  Rendered shared/_footer.html.erb (Duration: 0.2ms | Allocations: 82)
Completed 200 OK in 36ms (Views: 32.3ms | ActiveRecord: 0.7ms | Allocations: 17623)


Started GET "/rooms" for ::1 at 2021-12-16 22:55:44 +1100
Processing by RoomsController#index as HTML
  Rendering rooms/index.html.erb within layouts/application
  [1m[36mRoom Load (1.0ms)[0m  [1m[34mSELECT "rooms".* FROM "rooms"[0m
  ↳ app/views/rooms/index.html.erb:22
  Rendered rooms/index.html.erb within layouts/application (Duration: 14.6ms | Allocations: 2874)
[Webpacker] Everything's up-to-date. Nothing to do
  Rendered shared/_navbar.html.erb (Duration: 1.3ms | Allocations: 1057)
  Rendered shared/_footer.html.erb (Duration: 0.2ms | Allocations: 82)
Completed 200 OK in 977ms (Views: 972.8ms | ActiveRecord: 1.0ms | Allocations: 107478)


Started GET "/rooms" for ::1 at 2021-12-16 22:56:26 +1100
Processing by RoomsController#index as HTML
  Rendering rooms/index.html.erb within layouts/application
  [1m[36mRoom Load (0.5ms)[0m  [1m[34mSELECT "rooms".* FROM "rooms"[0m
  ↳ app/views/rooms/index.html.erb:22
  Rendered rooms/index.html.erb within layouts/application (Duration: 5.7ms | Allocations: 2547)
Started GET "/rooms" for ::1 at 2021-12-16 22:56:27 +1100
Processing by RoomsController#index as HTML
  Rendering rooms/index.html.erb within layouts/application
  [1m[36mRoom Load (3.0ms)[0m  [1m[34mSELECT "rooms".* FROM "rooms"[0m
  ↳ app/views/rooms/index.html.erb:22
  Rendered rooms/index.html.erb within layouts/application (Duration: 6.3ms | Allocations: 4449)
[Webpacker] Everything's up-to-date. Nothing to do
  Rendered shared/_navbar.html.erb (Duration: 0.9ms | Allocations: 773)
  Rendered shared/_footer.html.erb (Duration: 0.0ms | Allocations: 5)
Completed 200 OK in 1003ms (Views: 1001.3ms | ActiveRecord: 0.5ms | Allocations: 206295)


[Webpacker] Everything's up-to-date. Nothing to do
  Rendered shared/_navbar.html.erb (Duration: 0.8ms | Allocations: 766)
  Rendered shared/_footer.html.erb (Duration: 0.0ms | Allocations: 5)
Completed 200 OK in 1060ms (Views: 1056.4ms | ActiveRecord: 3.0ms | Allocations: 130112)


Started GET "/rooms" for ::1 at 2021-12-16 22:56:38 +1100
Processing by RoomsController#index as HTML
  Rendering rooms/index.html.erb within layouts/application
  [1m[36mRoom Load (0.9ms)[0m  [1m[34mSELECT "rooms".* FROM "rooms"[0m
  ↳ app/views/rooms/index.html.erb:22
  Rendered rooms/index.html.erb within layouts/application (Duration: 14.7ms | Allocations: 2540)
[Webpacker] Everything's up-to-date. Nothing to do
  Rendered shared/_navbar.html.erb (Duration: 0.9ms | Allocations: 769)
  Rendered shared/_footer.html.erb (Duration: 0.0ms | Allocations: 5)
Completed 200 OK in 950ms (Views: 946.5ms | ActiveRecord: 0.9ms | Allocations: 106312)


Started GET "/rooms" for ::1 at 2021-12-16 22:57:00 +1100
Processing by RoomsController#index as HTML
  Rendering rooms/index.html.erb within layouts/application
  [1m[36mRoom Load (0.9ms)[0m  [1m[34mSELECT "rooms".* FROM "rooms"[0m
  ↳ app/views/rooms/index.html.erb:22
  Rendered rooms/index.html.erb within layouts/application (Duration: 15.8ms | Allocations: 2540)
[Webpacker] Everything's up-to-date. Nothing to do
  Rendered shared/_navbar.html.erb (Duration: 0.8ms | Allocations: 770)
  Rendered shared/_footer.html.erb (Duration: 0.0ms | Allocations: 5)
Completed 200 OK in 951ms (Views: 948.7ms | ActiveRecord: 0.9ms | Allocations: 105441)


Started GET "/rooms" for ::1 at 2021-12-16 22:57:14 +1100
Processing by RoomsController#index as HTML
  Rendering rooms/index.html.erb within layouts/application
  [1m[36mRoom Load (0.7ms)[0m  [1m[34mSELECT "rooms".* FROM "rooms"[0m
  ↳ app/views/rooms/index.html.erb:22
  Rendered rooms/index.html.erb within layouts/application (Duration: 9.4ms | Allocations: 2540)
[Webpacker] Everything's up-to-date. Nothing to do
  Rendered shared/_navbar.html.erb (Duration: 0.8ms | Allocations: 770)
  Rendered shared/_footer.html.erb (Duration: 0.0ms | Allocations: 5)
Completed 200 OK in 916ms (Views: 913.8ms | ActiveRecord: 0.7ms | Allocations: 105903)


Started GET "/rooms" for ::1 at 2021-12-16 23:02:30 +1100
Processing by RoomsController#index as HTML
  Rendering rooms/index.html.erb within layouts/application
  [1m[36mRoom Load (0.7ms)[0m  [1m[34mSELECT "rooms".* FROM "rooms"[0m
  ↳ app/views/rooms/index.html.erb:22
  Rendered rooms/index.html.erb within layouts/application (Duration: 11.9ms | Allocations: 2883)
[Webpacker] Everything's up-to-date. Nothing to do
  Rendered shared/_navbar.html.erb (Duration: 1.2ms | Allocations: 1051)
  Rendered shared/_footer.html.erb (Duration: 0.2ms | Allocations: 82)
Completed 200 OK in 33ms (Views: 29.2ms | ActiveRecord: 0.7ms | Allocations: 17631)


Started GET "/rooms" for ::1 at 2021-12-16 23:03:13 +1100
Processing by RoomsController#index as HTML
  Rendering rooms/index.html.erb within layouts/application
  [1m[36mRoom Load (1.1ms)[0m  [1m[34mSELECT "rooms".* FROM "rooms"[0m
  ↳ app/views/rooms/index.html.erb:22
  Rendered rooms/index.html.erb within layouts/application (Duration: 16.4ms | Allocations: 2877)
[Webpacker] Everything's up-to-date. Nothing to do
  Rendered shared/_navbar.html.erb (Duration: 1.7ms | Allocations: 1048)
  Rendered shared/_footer.html.erb (Duration: 0.2ms | Allocations: 82)
Completed 200 OK in 41ms (Views: 37.8ms | ActiveRecord: 1.1ms | Allocations: 17613)


Started GET "/rooms" for ::1 at 2021-12-16 23:03:54 +1100
Processing by RoomsController#index as HTML
  Rendering rooms/index.html.erb within layouts/application
  [1m[36mRoom Load (1.0ms)[0m  [1m[34mSELECT "rooms".* FROM "rooms"[0m
  ↳ app/views/rooms/index.html.erb:22
  Rendered rooms/index.html.erb within layouts/application (Duration: 15.9ms | Allocations: 2873)
[Webpacker] Everything's up-to-date. Nothing to do
  Rendered shared/_navbar.html.erb (Duration: 1.6ms | Allocations: 1048)
  Rendered shared/_footer.html.erb (Duration: 0.3ms | Allocations: 82)
Completed 200 OK in 42ms (Views: 38.6ms | ActiveRecord: 1.0ms | Allocations: 17607)


Started GET "/rooms" for ::1 at 2021-12-16 23:05:03 +1100
Processing by RoomsController#index as HTML
  Rendering rooms/index.html.erb within layouts/application
  [1m[36mRoom Load (0.7ms)[0m  [1m[34mSELECT "rooms".* FROM "rooms"[0m
  ↳ app/views/rooms/index.html.erb:10
  Rendered rooms/index.html.erb within layouts/application (Duration: 9.5ms | Allocations: 2657)
[Webpacker] Everything's up-to-date. Nothing to do
  Rendered shared/_navbar.html.erb (Duration: 1.5ms | Allocations: 1053)
  Rendered shared/_footer.html.erb (Duration: 0.2ms | Allocations: 82)
Completed 200 OK in 33ms (Views: 29.6ms | ActiveRecord: 0.7ms | Allocations: 17417)


Started GET "/rooms/87/bookings/new" for ::1 at 2021-12-16 23:05:14 +1100
Processing by BookingsController#new as HTML
  Parameters: {"room_id"=>"87"}
Completed 401 Unauthorized in 11ms (ActiveRecord: 0.0ms | Allocations: 1483)


Started GET "/users/sign_in" for ::1 at 2021-12-16 23:05:14 +1100
Processing by Devise::SessionsController#new as HTML
  Rendering devise/sessions/new.html.erb within layouts/application
  Rendered devise/shared/_links.html.erb (Duration: 0.9ms | Allocations: 587)
  Rendered devise/sessions/new.html.erb within layouts/application (Duration: 41.4ms | Allocations: 20390)
[Webpacker] Everything's up-to-date. Nothing to do
  Rendered shared/_navbar.html.erb (Duration: 1.0ms | Allocations: 751)
  Rendered shared/_footer.html.erb (Duration: 0.0ms | Allocations: 5)
Completed 200 OK in 65ms (Views: 53.4ms | ActiveRecord: 3.2ms | Allocations: 40154)


Started POST "/users/sign_in" for ::1 at 2021-12-16 23:05:25 +1100
Processing by Devise::SessionsController#create as HTML
  Parameters: {"authenticity_token"=>"o4YzjgB90CCwEuzWnLk1wv+zD57qmk2ysK9KdcaxkXN1adpyBtF3FQyiuf8KhRQxdDwORLSVPdCGCy1U1XWvLQ==", "user"=>{"email"=>"mel@spaceout.com", "password"=>"[FILTERED]", "remember_me"=>"0"}, "commit"=>"Log in"}
  [1m[36mUser Load (1.4ms)[0m  [1m[34mSELECT "users".* FROM "users" WHERE "users"."email" = $1 ORDER BY "users"."id" ASC LIMIT $2[0m  [["email", "mel@spaceout.com"], ["LIMIT", 1]]
Redirected to http://localhost:3000/rooms/87/bookings/new
Completed 302 Found in 239ms (ActiveRecord: 1.6ms | Allocations: 6281)


Started GET "/rooms/87/bookings/new" for ::1 at 2021-12-16 23:05:25 +1100
Processing by BookingsController#new as HTML
  Parameters: {"room_id"=>"87"}
  [1m[36mUser Load (0.3ms)[0m  [1m[34mSELECT "users".* FROM "users" WHERE "users"."id" = $1 ORDER BY "users"."id" ASC LIMIT $2[0m  [["id", 22], ["LIMIT", 1]]
  [1m[36mRoom Load (0.3ms)[0m  [1m[34mSELECT "rooms".* FROM "rooms" WHERE "rooms"."id" = $1 LIMIT $2[0m  [["id", 87], ["LIMIT", 1]]
  ↳ app/controllers/bookings_controller.rb:13:in `new'
  Rendering bookings/new.html.erb within layouts/application
  Rendered bookings/new.html.erb within layouts/application (Duration: 9.5ms | Allocations: 8891)
[Webpacker] Everything's up-to-date. Nothing to do
  Rendered shared/_navbar.html.erb (Duration: 4.9ms | Allocations: 782)
  Rendered shared/_footer.html.erb (Duration: 0.0ms | Allocations: 5)
Completed 200 OK in 41ms (Views: 24.9ms | ActiveRecord: 3.2ms | Allocations: 29032)


Started POST "/rooms/87/bookings" for ::1 at 2021-12-16 23:05:28 +1100
Processing by BookingsController#create as HTML
  Parameters: {"authenticity_token"=>"m9cKO6ewkXSnGtTy2LqrUBEAwxx2N5vfaaduQ/ZjL/+mciWoQw7bfNTMwqIiI5QKocpY+Za/pkEWyOa/mbB6vg==", "booking"=>{"booking_start(1i)"=>"2021", "booking_start(2i)"=>"12", "booking_start(3i)"=>"16", "booking_start(4i)"=>"12", "booking_start(5i)"=>"05", "booking_end(1i)"=>"2021", "booking_end(2i)"=>"12", "booking_end(3i)"=>"16", "booking_end(4i)"=>"12", "booking_end(5i)"=>"05"}, "commit"=>"Book", "room_id"=>"87"}
  [1m[36mUser Load (0.8ms)[0m  [1m[34mSELECT "users".* FROM "users" WHERE "users"."id" = $1 ORDER BY "users"."id" ASC LIMIT $2[0m  [["id", 22], ["LIMIT", 1]]
  [1m[36mRoom Load (0.4ms)[0m  [1m[34mSELECT "rooms".* FROM "rooms" WHERE "rooms"."id" = $1 LIMIT $2[0m  [["id", 87], ["LIMIT", 1]]
  ↳ app/controllers/bookings_controller.rb:20:in `create'
  [1m[35m (0.1ms)[0m  [1m[35mBEGIN[0m
  ↳ app/controllers/bookings_controller.rb:21:in `create'
  [1m[36mBooking Create (2.2ms)[0m  [1m[32mINSERT INTO "bookings" ("booking_start", "booking_end", "user_id", "room_id", "created_at", "updated_at") VALUES ($1, $2, $3, $4, $5, $6) RETURNING "id"[0m  [["booking_start", "2021-12-16 12:05:00"], ["booking_end", "2021-12-16 12:05:00"], ["user_id", 22], ["room_id", 87], ["created_at", "2021-12-16 12:05:28.683779"], ["updated_at", "2021-12-16 12:05:28.683779"]]
  ↳ app/controllers/bookings_controller.rb:21:in `create'
  [1m[35m (1.1ms)[0m  [1m[35mCOMMIT[0m
  ↳ app/controllers/bookings_controller.rb:21:in `create'
Redirected to http://localhost:3000/dashboard
Completed 302 Found in 30ms (ActiveRecord: 4.7ms | Allocations: 7705)


Started GET "/dashboard" for ::1 at 2021-12-16 23:05:28 +1100
Processing by PagesController#dashboard as HTML
  [1m[36mUser Load (0.2ms)[0m  [1m[34mSELECT "users".* FROM "users" WHERE "users"."id" = $1 ORDER BY "users"."id" ASC LIMIT $2[0m  [["id", 22], ["LIMIT", 1]]
  Rendering pages/dashboard.html.erb within layouts/application
  [1m[36mBooking Load (0.2ms)[0m  [1m[34mSELECT "bookings".* FROM "bookings" WHERE "bookings"."user_id" = $1[0m  [["user_id", 22]]
  ↳ app/views/pages/dashboard.html.erb:19
  [1m[36mRoom Load (0.2ms)[0m  [1m[34mSELECT "rooms".* FROM "rooms" WHERE "rooms"."id" = $1 LIMIT $2[0m  [["id", 87], ["LIMIT", 1]]
  ↳ app/views/pages/dashboard.html.erb:21
  [1m[36mRoom Load (0.1ms)[0m  [1m[34mSELECT "rooms".* FROM "rooms" WHERE "rooms"."user_id" = $1[0m  [["user_id", 22]]
  ↳ app/views/pages/dashboard.html.erb:41
  Rendered pages/dashboard.html.erb within layouts/application (Duration: 8.9ms | Allocations: 5135)
[Webpacker] Everything's up-to-date. Nothing to do
  Rendered shared/_navbar.html.erb (Duration: 1.1ms | Allocations: 768)
  Rendered shared/_footer.html.erb (Duration: 0.0ms | Allocations: 5)
Completed 200 OK in 23ms (Views: 19.7ms | ActiveRecord: 0.8ms | Allocations: 20456)


Started GET "/dashboard" for ::1 at 2021-12-16 23:07:23 +1100
Processing by PagesController#dashboard as HTML
  [1m[36mUser Load (0.5ms)[0m  [1m[34mSELECT "users".* FROM "users" WHERE "users"."id" = $1 ORDER BY "users"."id" ASC LIMIT $2[0m  [["id", 22], ["LIMIT", 1]]
  Rendering pages/dashboard.html.erb within layouts/application
  [1m[36mBooking Load (0.4ms)[0m  [1m[34mSELECT "bookings".* FROM "bookings" WHERE "bookings"."user_id" = $1[0m  [["user_id", 22]]
  ↳ app/views/pages/dashboard.html.erb:19
  [1m[36mRoom Load (0.4ms)[0m  [1m[34mSELECT "rooms".* FROM "rooms" WHERE "rooms"."id" = $1 LIMIT $2[0m  [["id", 87], ["LIMIT", 1]]
  ↳ app/views/pages/dashboard.html.erb:21
  [1m[36mRoom Load (0.4ms)[0m  [1m[34mSELECT "rooms".* FROM "rooms" WHERE "rooms"."user_id" = $1[0m  [["user_id", 22]]
  ↳ app/views/pages/dashboard.html.erb:41
  Rendered pages/dashboard.html.erb within layouts/application (Duration: 10.5ms | Allocations: 4106)
[Webpacker] Everything's up-to-date. Nothing to do
  Rendered shared/_navbar.html.erb (Duration: 1.2ms | Allocations: 1050)
  Rendered shared/_footer.html.erb (Duration: 0.2ms | Allocations: 82)
Completed 200 OK in 960ms (Views: 954.4ms | ActiveRecord: 1.7ms | Allocations: 98167)


Started GET "/dashboard" for ::1 at 2021-12-16 23:08:26 +1100
Processing by PagesController#dashboard as HTML
  [1m[36mUser Load (0.9ms)[0m  [1m[34mSELECT "users".* FROM "users" WHERE "users"."id" = $1 ORDER BY "users"."id" ASC LIMIT $2[0m  [["id", 22], ["LIMIT", 1]]
  Rendering pages/dashboard.html.erb within layouts/application
  [1m[36mBooking Load (0.6ms)[0m  [1m[34mSELECT "bookings".* FROM "bookings" WHERE "bookings"."user_id" = $1[0m  [["user_id", 22]]
  ↳ app/views/pages/dashboard.html.erb:19
  [1m[36mRoom Load (0.5ms)[0m  [1m[34mSELECT "rooms".* FROM "rooms" WHERE "rooms"."id" = $1 LIMIT $2[0m  [["id", 87], ["LIMIT", 1]]
  ↳ app/views/pages/dashboard.html.erb:21
  [1m[36mRoom Load (0.5ms)[0m  [1m[34mSELECT "rooms".* FROM "rooms" WHERE "rooms"."user_id" = $1[0m  [["user_id", 22]]
  ↳ app/views/pages/dashboard.html.erb:41
  Rendered pages/dashboard.html.erb within layouts/application (Duration: 12.8ms | Allocations: 4104)
[Webpacker] Everything's up-to-date. Nothing to do
  Rendered shared/_navbar.html.erb (Duration: 1.3ms | Allocations: 1049)
  Rendered shared/_footer.html.erb (Duration: 0.2ms | Allocations: 82)
Completed 200 OK in 43ms (Views: 31.4ms | ActiveRecord: 2.4ms | Allocations: 20340)


Started GET "/dashboard" for ::1 at 2021-12-16 23:09:02 +1100
Processing by PagesController#dashboard as HTML
  [1m[36mUser Load (1.0ms)[0m  [1m[34mSELECT "users".* FROM "users" WHERE "users"."id" = $1 ORDER BY "users"."id" ASC LIMIT $2[0m  [["id", 22], ["LIMIT", 1]]
  Rendering pages/dashboard.html.erb within layouts/application
  [1m[36mBooking Load (0.8ms)[0m  [1m[34mSELECT "bookings".* FROM "bookings" WHERE "bookings"."user_id" = $1[0m  [["user_id", 22]]
  ↳ app/views/pages/dashboard.html.erb:19
  [1m[36mRoom Load (0.5ms)[0m  [1m[34mSELECT "rooms".* FROM "rooms" WHERE "rooms"."id" = $1 LIMIT $2[0m  [["id", 87], ["LIMIT", 1]]
  ↳ app/views/pages/dashboard.html.erb:21
  [1m[36mRoom Load (0.4ms)[0m  [1m[34mSELECT "rooms".* FROM "rooms" WHERE "rooms"."user_id" = $1[0m  [["user_id", 22]]
  ↳ app/views/pages/dashboard.html.erb:41
  Rendered pages/dashboard.html.erb within layouts/application (Duration: 14.8ms | Allocations: 4087)
[Webpacker] Everything's up-to-date. Nothing to do
  Rendered shared/_navbar.html.erb (Duration: 2.1ms | Allocations: 1046)
  Rendered shared/_footer.html.erb (Duration: 0.2ms | Allocations: 82)
Completed 200 OK in 47ms (Views: 32.8ms | ActiveRecord: 2.6ms | Allocations: 20265)


Started GET "/dashboard" for ::1 at 2021-12-16 23:10:10 +1100
Processing by PagesController#dashboard as HTML
  [1m[36mUser Load (0.7ms)[0m  [1m[34mSELECT "users".* FROM "users" WHERE "users"."id" = $1 ORDER BY "users"."id" ASC LIMIT $2[0m  [["id", 22], ["LIMIT", 1]]
  Rendering pages/dashboard.html.erb within layouts/application
  [1m[36mBooking Load (0.8ms)[0m  [1m[34mSELECT "bookings".* FROM "bookings" WHERE "bookings"."user_id" = $1[0m  [["user_id", 22]]
  ↳ app/views/pages/dashboard.html.erb:19
  [1m[36mRoom Load (0.5ms)[0m  [1m[34mSELECT "rooms".* FROM "rooms" WHERE "rooms"."id" = $1 LIMIT $2[0m  [["id", 87], ["LIMIT", 1]]
  ↳ app/views/pages/dashboard.html.erb:21
  [1m[36mRoom Load (0.4ms)[0m  [1m[34mSELECT "rooms".* FROM "rooms" WHERE "rooms"."user_id" = $1[0m  [["user_id", 22]]
  ↳ app/views/pages/dashboard.html.erb:41
  Rendered pages/dashboard.html.erb within layouts/application (Duration: 18.1ms | Allocations: 4086)
[Webpacker] Everything's up-to-date. Nothing to do
  Rendered shared/_navbar.html.erb (Duration: 1.2ms | Allocations: 1046)
  Rendered shared/_footer.html.erb (Duration: 0.2ms | Allocations: 82)
Completed 200 OK in 46ms (Views: 35.8ms | ActiveRecord: 2.5ms | Allocations: 20304)


Started GET "/dashboard" for ::1 at 2021-12-16 23:12:42 +1100
Processing by PagesController#dashboard as HTML
  [1m[36mUser Load (0.6ms)[0m  [1m[34mSELECT "users".* FROM "users" WHERE "users"."id" = $1 ORDER BY "users"."id" ASC LIMIT $2[0m  [["id", 22], ["LIMIT", 1]]
  Rendering pages/dashboard.html.erb within layouts/application
  [1m[36mBooking Load (0.4ms)[0m  [1m[34mSELECT "bookings".* FROM "bookings" WHERE "bookings"."user_id" = $1[0m  [["user_id", 22]]
  ↳ app/views/pages/dashboard.html.erb:19
  [1m[36mRoom Load (0.2ms)[0m  [1m[34mSELECT "rooms".* FROM "rooms" WHERE "rooms"."id" = $1 LIMIT $2[0m  [["id", 87], ["LIMIT", 1]]
  ↳ app/views/pages/dashboard.html.erb:21
  [1m[36mRoom Load (0.3ms)[0m  [1m[34mSELECT "rooms".* FROM "rooms" WHERE "rooms"."user_id" = $1[0m  [["user_id", 22]]
  ↳ app/views/pages/dashboard.html.erb:41
  Rendered pages/dashboard.html.erb within layouts/application (Duration: 15.6ms | Allocations: 4092)
[Webpacker] Everything's up-to-date. Nothing to do
  Rendered shared/_navbar.html.erb (Duration: 1.7ms | Allocations: 1050)
  Rendered shared/_footer.html.erb (Duration: 0.2ms | Allocations: 82)
Completed 200 OK in 46ms (Views: 34.8ms | ActiveRecord: 1.5ms | Allocations: 20332)


Started GET "/dashboard" for ::1 at 2021-12-16 23:13:48 +1100
Processing by PagesController#dashboard as HTML
  [1m[36mUser Load (0.6ms)[0m  [1m[34mSELECT "users".* FROM "users" WHERE "users"."id" = $1 ORDER BY "users"."id" ASC LIMIT $2[0m  [["id", 22], ["LIMIT", 1]]
  Rendering pages/dashboard.html.erb within layouts/application
  [1m[36mBooking Load (0.3ms)[0m  [1m[34mSELECT "bookings".* FROM "bookings" WHERE "bookings"."user_id" = $1[0m  [["user_id", 22]]
  ↳ app/views/pages/dashboard.html.erb:19
  [1m[36mRoom Load (0.2ms)[0m  [1m[34mSELECT "rooms".* FROM "rooms" WHERE "rooms"."id" = $1 LIMIT $2[0m  [["id", 87], ["LIMIT", 1]]
  ↳ app/views/pages/dashboard.html.erb:21
  [1m[36mRoom Load (0.2ms)[0m  [1m[34mSELECT "rooms".* FROM "rooms" WHERE "rooms"."user_id" = $1[0m  [["user_id", 22]]
  ↳ app/views/pages/dashboard.html.erb:41
  Rendered pages/dashboard.html.erb within layouts/application (Duration: 11.5ms | Allocations: 4091)
[Webpacker] Everything's up-to-date. Nothing to do
  Rendered shared/_navbar.html.erb (Duration: 1.3ms | Allocations: 1049)
  Rendered shared/_footer.html.erb (Duration: 0.2ms | Allocations: 82)
Completed 200 OK in 39ms (Views: 28.1ms | ActiveRecord: 1.4ms | Allocations: 20328)


Started GET "/dashboard" for ::1 at 2021-12-16 23:14:12 +1100
Processing by PagesController#dashboard as HTML
  [1m[36mUser Load (0.8ms)[0m  [1m[34mSELECT "users".* FROM "users" WHERE "users"."id" = $1 ORDER BY "users"."id" ASC LIMIT $2[0m  [["id", 22], ["LIMIT", 1]]
  Rendering pages/dashboard.html.erb within layouts/application
  [1m[36mBooking Load (0.5ms)[0m  [1m[34mSELECT "bookings".* FROM "bookings" WHERE "bookings"."user_id" = $1[0m  [["user_id", 22]]
  ↳ app/views/pages/dashboard.html.erb:19
  [1m[36mRoom Load (0.3ms)[0m  [1m[34mSELECT "rooms".* FROM "rooms" WHERE "rooms"."id" = $1 LIMIT $2[0m  [["id", 87], ["LIMIT", 1]]
  ↳ app/views/pages/dashboard.html.erb:21
  [1m[36mRoom Load (0.3ms)[0m  [1m[34mSELECT "rooms".* FROM "rooms" WHERE "rooms"."user_id" = $1[0m  [["user_id", 22]]
  ↳ app/views/pages/dashboard.html.erb:43
  Rendered pages/dashboard.html.erb within layouts/application (Duration: 15.2ms | Allocations: 4093)
[Webpacker] Everything's up-to-date. Nothing to do
  Rendered shared/_navbar.html.erb (Duration: 1.9ms | Allocations: 1046)
  Rendered shared/_footer.html.erb (Duration: 0.8ms | Allocations: 82)
Completed 200 OK in 46ms (Views: 34.8ms | ActiveRecord: 1.8ms | Allocations: 20277)


Started GET "/dashboard" for ::1 at 2021-12-16 23:14:32 +1100
Processing by PagesController#dashboard as HTML
  [1m[36mUser Load (0.8ms)[0m  [1m[34mSELECT "users".* FROM "users" WHERE "users"."id" = $1 ORDER BY "users"."id" ASC LIMIT $2[0m  [["id", 22], ["LIMIT", 1]]
  Rendering pages/dashboard.html.erb within layouts/application
  [1m[36mBooking Load (0.5ms)[0m  [1m[34mSELECT "bookings".* FROM "bookings" WHERE "bookings"."user_id" = $1[0m  [["user_id", 22]]
  ↳ app/views/pages/dashboard.html.erb:19
  [1m[36mRoom Load (0.3ms)[0m  [1m[34mSELECT "rooms".* FROM "rooms" WHERE "rooms"."id" = $1 LIMIT $2[0m  [["id", 87], ["LIMIT", 1]]
  ↳ app/views/pages/dashboard.html.erb:21
  [1m[36mRoom Load (0.4ms)[0m  [1m[34mSELECT "rooms".* FROM "rooms" WHERE "rooms"."user_id" = $1[0m  [["user_id", 22]]
  ↳ app/views/pages/dashboard.html.erb:43
  Rendered pages/dashboard.html.erb within layouts/application (Duration: 14.6ms | Allocations: 4092)
[Webpacker] Everything's up-to-date. Nothing to do
  Rendered shared/_navbar.html.erb (Duration: 1.4ms | Allocations: 1049)
  Rendered shared/_footer.html.erb (Duration: 0.2ms | Allocations: 82)
Completed 200 OK in 44ms (Views: 33.2ms | ActiveRecord: 2.0ms | Allocations: 20314)


Started GET "/rooms" for ::1 at 2021-12-16 23:14:35 +1100
Processing by RoomsController#index as HTML
  Rendering rooms/index.html.erb within layouts/application
  [1m[36mRoom Load (1.2ms)[0m  [1m[34mSELECT "rooms".* FROM "rooms"[0m
  ↳ app/views/rooms/index.html.erb:10
  Rendered rooms/index.html.erb within layouts/application (Duration: 17.0ms | Allocations: 2661)
[Webpacker] Everything's up-to-date. Nothing to do
  [1m[36mUser Load (0.3ms)[0m  [1m[34mSELECT "users".* FROM "users" WHERE "users"."id" = $1 ORDER BY "users"."id" ASC LIMIT $2[0m  [["id", 22], ["LIMIT", 1]]
  ↳ app/views/shared/_navbar.html.erb:13
  Rendered shared/_navbar.html.erb (Duration: 3.1ms | Allocations: 1692)
  Rendered shared/_footer.html.erb (Duration: 0.0ms | Allocations: 5)
Completed 200 OK in 45ms (Views: 40.6ms | ActiveRecord: 1.5ms | Allocations: 17217)


Started GET "/rooms" for ::1 at 2021-12-16 23:15:35 +1100
Processing by RoomsController#index as HTML
  Rendering rooms/index.html.erb within layouts/application
  [1m[36mRoom Load (0.8ms)[0m  [1m[34mSELECT "rooms".* FROM "rooms"[0m
  ↳ app/views/rooms/index.html.erb:10
  Rendered rooms/index.html.erb within layouts/application (Duration: 11.6ms | Allocations: 2655)
[Webpacker] Everything's up-to-date. Nothing to do
  [1m[36mUser Load (0.2ms)[0m  [1m[34mSELECT "users".* FROM "users" WHERE "users"."id" = $1 ORDER BY "users"."id" ASC LIMIT $2[0m  [["id", 22], ["LIMIT", 1]]
  ↳ app/views/shared/_navbar.html.erb:13
  Rendered shared/_navbar.html.erb (Duration: 2.5ms | Allocations: 1968)
  Rendered shared/_footer.html.erb (Duration: 0.2ms | Allocations: 82)
Completed 200 OK in 33ms (Views: 29.2ms | ActiveRecord: 1.0ms | Allocations: 18196)


Started GET "/rooms" for ::1 at 2021-12-16 23:15:53 +1100
Processing by RoomsController#index as HTML
  Rendering rooms/index.html.erb within layouts/application
  [1m[36mRoom Load (0.7ms)[0m  [1m[34mSELECT "rooms".* FROM "rooms"[0m
  ↳ app/views/rooms/index.html.erb:10
  Rendered rooms/index.html.erb within layouts/application (Duration: 10.9ms | Allocations: 2657)
[Webpacker] Everything's up-to-date. Nothing to do
  [1m[36mUser Load (0.3ms)[0m  [1m[34mSELECT "users".* FROM "users" WHERE "users"."id" = $1 ORDER BY "users"."id" ASC LIMIT $2[0m  [["id", 22], ["LIMIT", 1]]
  ↳ app/views/shared/_navbar.html.erb:13
  Rendered shared/_navbar.html.erb (Duration: 2.8ms | Allocations: 1968)
  Rendered shared/_footer.html.erb (Duration: 0.2ms | Allocations: 82)
Completed 200 OK in 37ms (Views: 33.5ms | ActiveRecord: 1.0ms | Allocations: 18215)


Started GET "/dashboard" for ::1 at 2021-12-16 23:21:49 +1100
Processing by PagesController#dashboard as HTML
  [1m[36mUser Load (1.2ms)[0m  [1m[34mSELECT "users".* FROM "users" WHERE "users"."id" = $1 ORDER BY "users"."id" ASC LIMIT $2[0m  [["id", 22], ["LIMIT", 1]]
  Rendering pages/dashboard.html.erb within layouts/application
  [1m[36mBooking Load (0.7ms)[0m  [1m[34mSELECT "bookings".* FROM "bookings" WHERE "bookings"."user_id" = $1[0m  [["user_id", 22]]
  ↳ app/views/pages/dashboard.html.erb:19
  [1m[36mRoom Load (0.6ms)[0m  [1m[34mSELECT "rooms".* FROM "rooms" WHERE "rooms"."id" = $1 LIMIT $2[0m  [["id", 87], ["LIMIT", 1]]
  ↳ app/views/pages/dashboard.html.erb:21
  [1m[36mRoom Load (0.4ms)[0m  [1m[34mSELECT "rooms".* FROM "rooms" WHERE "rooms"."user_id" = $1[0m  [["user_id", 22]]
  ↳ app/views/pages/dashboard.html.erb:43
  Rendered pages/dashboard.html.erb within layouts/application (Duration: 13.7ms | Allocations: 4166)
[Webpacker] Everything's up-to-date. Nothing to do
  Rendered shared/_navbar.html.erb (Duration: 1.3ms | Allocations: 766)
  Rendered shared/_footer.html.erb (Duration: 0.1ms | Allocations: 5)
Completed 200 OK in 46ms (Views: 31.7ms | ActiveRecord: 3.4ms | Allocations: 19424)


Started GET "/rooms" for ::1 at 2021-12-16 23:22:02 +1100
Processing by RoomsController#index as HTML
  Rendering rooms/index.html.erb within layouts/application
  [1m[36mRoom Load (0.7ms)[0m  [1m[34mSELECT "rooms".* FROM "rooms"[0m
  ↳ app/views/rooms/index.html.erb:10
  Rendered rooms/index.html.erb within layouts/application (Duration: 8.7ms | Allocations: 2410)
[Webpacker] Everything's up-to-date. Nothing to do
  [1m[36mUser Load (0.3ms)[0m  [1m[34mSELECT "users".* FROM "users" WHERE "users"."id" = $1 ORDER BY "users"."id" ASC LIMIT $2[0m  [["id", 22], ["LIMIT", 1]]
  ↳ app/views/shared/_navbar.html.erb:13
  Rendered shared/_navbar.html.erb (Duration: 3.7ms | Allocations: 1693)
  Rendered shared/_footer.html.erb (Duration: 0.0ms | Allocations: 5)
Completed 200 OK in 36ms (Views: 32.8ms | ActiveRecord: 1.1ms | Allocations: 16321)


Started GET "/rooms" for ::1 at 2021-12-16 23:26:20 +1100
Processing by RoomsController#index as HTML
  Rendering rooms/index.html.erb within layouts/application
  [1m[36mRoom Load (1.0ms)[0m  [1m[34mSELECT "rooms".* FROM "rooms"[0m
  ↳ app/views/rooms/index.html.erb:10
  Rendered rooms/index.html.erb within layouts/application (Duration: 13.1ms | Allocations: 2666)
[Webpacker] Everything's up-to-date. Nothing to do
  [1m[36mUser Load (0.3ms)[0m  [1m[34mSELECT "users".* FROM "users" WHERE "users"."id" = $1 ORDER BY "users"."id" ASC LIMIT $2[0m  [["id", 22], ["LIMIT", 1]]
  ↳ app/views/shared/_navbar.html.erb:13
  Rendered shared/_navbar.html.erb (Duration: 2.9ms | Allocations: 1971)
  Rendered shared/_footer.html.erb (Duration: 0.2ms | Allocations: 82)
Completed 200 OK in 951ms (Views: 946.7ms | ActiveRecord: 1.3ms | Allocations: 95913)


Started GET "/rooms" for ::1 at 2021-12-16 23:26:57 +1100
Processing by RoomsController#index as HTML
  Rendering rooms/index.html.erb within layouts/application
  [1m[36mRoom Load (1.2ms)[0m  [1m[34mSELECT "rooms".* FROM "rooms"[0m
  ↳ app/views/rooms/index.html.erb:10
  Rendered rooms/index.html.erb within layouts/application (Duration: 8.9ms | Allocations: 2573)
[Webpacker] Everything's up-to-date. Nothing to do
  [1m[36mUser Load (0.3ms)[0m  [1m[34mSELECT "users".* FROM "users" WHERE "users"."id" = $1 ORDER BY "users"."id" ASC LIMIT $2[0m  [["id", 22], ["LIMIT", 1]]
  ↳ app/views/shared/_navbar.html.erb:13
  Rendered shared/_navbar.html.erb (Duration: 3.0ms | Allocations: 1719)
  Rendered shared/_footer.html.erb (Duration: 0.0ms | Allocations: 5)
Completed 200 OK in 966ms (Views: 962.1ms | ActiveRecord: 1.8ms | Allocations: 99095)


Started GET "/rooms" for ::1 at 2021-12-16 23:27:13 +1100
Processing by RoomsController#index as HTML
  Rendering rooms/index.html.erb within layouts/application
  [1m[36mRoom Load (1.0ms)[0m  [1m[34mSELECT "rooms".* FROM "rooms"[0m
  ↳ app/views/rooms/index.html.erb:10
  Rendered rooms/index.html.erb within layouts/application (Duration: 10.4ms | Allocations: 2404)
[Webpacker] Everything's up-to-date. Nothing to do
  [1m[36mUser Load (0.3ms)[0m  [1m[34mSELECT "users".* FROM "users" WHERE "users"."id" = $1 ORDER BY "users"."id" ASC LIMIT $2[0m  [["id", 22], ["LIMIT", 1]]
  ↳ app/views/shared/_navbar.html.erb:13
  Rendered shared/_navbar.html.erb (Duration: 2.4ms | Allocations: 1686)
  Rendered shared/_footer.html.erb (Duration: 0.0ms | Allocations: 5)
Completed 200 OK in 903ms (Views: 900.1ms | ActiveRecord: 1.3ms | Allocations: 102446)


Started GET "/rooms" for ::1 at 2021-12-16 23:27:30 +1100
Processing by RoomsController#index as HTML
  Rendering rooms/index.html.erb within layouts/application
  [1m[36mRoom Load (1.0ms)[0m  [1m[34mSELECT "rooms".* FROM "rooms"[0m
  ↳ app/views/rooms/index.html.erb:10
  Rendered rooms/index.html.erb within layouts/application (Duration: 12.6ms | Allocations: 2404)
[Webpacker] Everything's up-to-date. Nothing to do
  [1m[36mUser Load (0.3ms)[0m  [1m[34mSELECT "users".* FROM "users" WHERE "users"."id" = $1 ORDER BY "users"."id" ASC LIMIT $2[0m  [["id", 22], ["LIMIT", 1]]
  ↳ app/views/shared/_navbar.html.erb:13
  Rendered shared/_navbar.html.erb (Duration: 2.2ms | Allocations: 1687)
  Rendered shared/_footer.html.erb (Duration: 0.0ms | Allocations: 5)
Completed 200 OK in 948ms (Views: 945.1ms | ActiveRecord: 1.3ms | Allocations: 106324)


Started GET "/rooms" for ::1 at 2021-12-16 23:27:48 +1100
Processing by RoomsController#index as HTML
  Rendering rooms/index.html.erb within layouts/application
  [1m[36mRoom Load (0.6ms)[0m  [1m[34mSELECT "rooms".* FROM "rooms"[0m
  ↳ app/views/rooms/index.html.erb:10
  Rendered rooms/index.html.erb within layouts/application (Duration: 8.1ms | Allocations: 2404)
[Webpacker] Everything's up-to-date. Nothing to do
  [1m[36mUser Load (0.3ms)[0m  [1m[34mSELECT "users".* FROM "users" WHERE "users"."id" = $1 ORDER BY "users"."id" ASC LIMIT $2[0m  [["id", 22], ["LIMIT", 1]]
  ↳ app/views/shared/_navbar.html.erb:13
  Rendered shared/_navbar.html.erb (Duration: 2.2ms | Allocations: 1686)
  Rendered shared/_footer.html.erb (Duration: 0.0ms | Allocations: 5)
Completed 200 OK in 908ms (Views: 904.9ms | ActiveRecord: 0.9ms | Allocations: 105921)


Started GET "/" for ::1 at 2021-12-16 23:29:32 +1100
Processing by PagesController#home as HTML
  Rendering pages/home.html.erb within layouts/application
  [1m[36mRoom Load (0.7ms)[0m  [1m[34mSELECT "rooms".* FROM "rooms"[0m
  ↳ app/views/pages/home.html.erb:14
  Rendered pages/home.html.erb within layouts/application (Duration: 8.4ms | Allocations: 1806)
[Webpacker] Everything's up-to-date. Nothing to do
  [1m[36mUser Load (0.3ms)[0m  [1m[34mSELECT "users".* FROM "users" WHERE "users"."id" = $1 ORDER BY "users"."id" ASC LIMIT $2[0m  [["id", 22], ["LIMIT", 1]]
  ↳ app/views/shared/_navbar.html.erb:13
  Rendered shared/_navbar.html.erb (Duration: 2.9ms | Allocations: 1691)
  Rendered shared/_footer.html.erb (Duration: 0.0ms | Allocations: 5)
Completed 200 OK in 34ms (Views: 30.6ms | ActiveRecord: 1.1ms | Allocations: 16386)


Started GET "/" for ::1 at 2021-12-16 23:30:18 +1100
Processing by PagesController#home as HTML
  Rendering pages/home.html.erb within layouts/application
  [1m[36mRoom Load (1.1ms)[0m  [1m[34mSELECT "rooms".* FROM "rooms"[0m
  ↳ app/views/pages/home.html.erb:14
  Rendered pages/home.html.erb within layouts/application (Duration: 11.2ms | Allocations: 1800)
[Webpacker] Everything's up-to-date. Nothing to do
  [1m[36mUser Load (0.3ms)[0m  [1m[34mSELECT "users".* FROM "users" WHERE "users"."id" = $1 ORDER BY "users"."id" ASC LIMIT $2[0m  [["id", 22], ["LIMIT", 1]]
  ↳ app/views/shared/_navbar.html.erb:13
  Rendered shared/_navbar.html.erb (Duration: 3.6ms | Allocations: 1974)
  Rendered shared/_footer.html.erb (Duration: 0.2ms | Allocations: 82)
Completed 200 OK in 44ms (Views: 40.0ms | ActiveRecord: 1.5ms | Allocations: 17470)


Started GET "/dashboard" for ::1 at 2021-12-16 23:30:26 +1100
Processing by PagesController#dashboard as HTML
  [1m[36mUser Load (0.4ms)[0m  [1m[34mSELECT "users".* FROM "users" WHERE "users"."id" = $1 ORDER BY "users"."id" ASC LIMIT $2[0m  [["id", 22], ["LIMIT", 1]]
  Rendering pages/dashboard.html.erb within layouts/application
  [1m[36mBooking Load (0.5ms)[0m  [1m[34mSELECT "bookings".* FROM "bookings" WHERE "bookings"."user_id" = $1[0m  [["user_id", 22]]
  ↳ app/views/pages/dashboard.html.erb:19
  [1m[36mRoom Load (0.7ms)[0m  [1m[34mSELECT "rooms".* FROM "rooms" WHERE "rooms"."id" = $1 LIMIT $2[0m  [["id", 87], ["LIMIT", 1]]
  ↳ app/views/pages/dashboard.html.erb:21
  [1m[36mRoom Load (0.3ms)[0m  [1m[34mSELECT "rooms".* FROM "rooms" WHERE "rooms"."user_id" = $1[0m  [["user_id", 22]]
  ↳ app/views/pages/dashboard.html.erb:43
  Rendered pages/dashboard.html.erb within layouts/application (Duration: 11.5ms | Allocations: 4105)
[Webpacker] Everything's up-to-date. Nothing to do
  Rendered shared/_navbar.html.erb (Duration: 0.8ms | Allocations: 766)
  Rendered shared/_footer.html.erb (Duration: 0.0ms | Allocations: 5)
Completed 200 OK in 28ms (Views: 21.5ms | ActiveRecord: 1.9ms | Allocations: 18810)


Started GET "/dashboard" for ::1 at 2021-12-16 23:30:41 +1100
Processing by PagesController#dashboard as HTML
  [1m[36mUser Load (0.8ms)[0m  [1m[34mSELECT "users".* FROM "users" WHERE "users"."id" = $1 ORDER BY "users"."id" ASC LIMIT $2[0m  [["id", 22], ["LIMIT", 1]]
  Rendering pages/dashboard.html.erb within layouts/application
  [1m[36mBooking Load (0.8ms)[0m  [1m[34mSELECT "bookings".* FROM "bookings" WHERE "bookings"."user_id" = $1[0m  [["user_id", 22]]
  ↳ app/views/pages/dashboard.html.erb:19
  [1m[36mRoom Load (0.7ms)[0m  [1m[34mSELECT "rooms".* FROM "rooms" WHERE "rooms"."id" = $1 LIMIT $2[0m  [["id", 87], ["LIMIT", 1]]
  ↳ app/views/pages/dashboard.html.erb:21
  [1m[36mRoom Load (0.9ms)[0m  [1m[34mSELECT "rooms".* FROM "rooms" WHERE "rooms"."user_id" = $1[0m  [["user_id", 22]]
  ↳ app/views/pages/dashboard.html.erb:43
  Rendered pages/dashboard.html.erb within layouts/application (Duration: 22.8ms | Allocations: 3585)
[Webpacker] Everything's up-to-date. Nothing to do
  Rendered shared/_navbar.html.erb (Duration: 0.9ms | Allocations: 762)
  Rendered shared/_footer.html.erb (Duration: 0.0ms | Allocations: 5)
Completed 200 OK in 51ms (Views: 39.9ms | ActiveRecord: 3.1ms | Allocations: 18124)


Started GET "/" for ::1 at 2021-12-16 23:30:43 +1100
Processing by PagesController#home as HTML
  Rendering pages/home.html.erb within layouts/application
  [1m[36mRoom Load (1.2ms)[0m  [1m[34mSELECT "rooms".* FROM "rooms"[0m
  ↳ app/views/pages/home.html.erb:14
  Rendered pages/home.html.erb within layouts/application (Duration: 9.1ms | Allocations: 1602)
[Webpacker] Everything's up-to-date. Nothing to do
  [1m[36mUser Load (0.3ms)[0m  [1m[34mSELECT "users".* FROM "users" WHERE "users"."id" = $1 ORDER BY "users"."id" ASC LIMIT $2[0m  [["id", 22], ["LIMIT", 1]]
  ↳ app/views/shared/_navbar.html.erb:13
  Rendered shared/_navbar.html.erb (Duration: 4.5ms | Allocations: 1687)
  Rendered shared/_footer.html.erb (Duration: 0.0ms | Allocations: 5)
Completed 200 OK in 37ms (Views: 33.0ms | ActiveRecord: 1.5ms | Allocations: 15540)


Started GET "/rooms" for ::1 at 2021-12-16 23:30:57 +1100
Processing by RoomsController#index as HTML
  Rendering rooms/index.html.erb within layouts/application
  [1m[36mRoom Load (1.2ms)[0m  [1m[34mSELECT "rooms".* FROM "rooms"[0m
  ↳ app/views/rooms/index.html.erb:10
  Rendered rooms/index.html.erb within layouts/application (Duration: 15.9ms | Allocations: 2659)
[Webpacker] Everything's up-to-date. Nothing to do
  [1m[36mUser Load (0.2ms)[0m  [1m[34mSELECT "users".* FROM "users" WHERE "users"."id" = $1 ORDER BY "users"."id" ASC LIMIT $2[0m  [["id", 22], ["LIMIT", 1]]
  ↳ app/views/shared/_navbar.html.erb:13
  Rendered shared/_navbar.html.erb (Duration: 2.4ms | Allocations: 1691)
  Rendered shared/_footer.html.erb (Duration: 0.0ms | Allocations: 5)
Completed 200 OK in 42ms (Views: 37.1ms | ActiveRecord: 1.4ms | Allocations: 17295)


Started GET "/rooms/80" for ::1 at 2021-12-16 23:31:02 +1100
Processing by RoomsController#show as HTML
  Parameters: {"id"=>"80"}
  [1m[36mRoom Load (1.0ms)[0m  [1m[34mSELECT "rooms".* FROM "rooms" WHERE "rooms"."id" = $1 LIMIT $2[0m  [["id", 80], ["LIMIT", 1]]
  ↳ app/controllers/rooms_controller.rb:43:in `set_room'
  Rendering rooms/show.html.erb within layouts/application
  [1m[36mUser Load (0.7ms)[0m  [1m[34mSELECT "users".* FROM "users" WHERE "users"."id" = $1 LIMIT $2[0m  [["id", 23], ["LIMIT", 1]]
  ↳ app/views/rooms/show.html.erb:15
  Rendered rooms/show.html.erb within layouts/application (Duration: 11.5ms | Allocations: 2015)
[Webpacker] Everything's up-to-date. Nothing to do
  [1m[36mUser Load (0.3ms)[0m  [1m[34mSELECT "users".* FROM "users" WHERE "users"."id" = $1 ORDER BY "users"."id" ASC LIMIT $2[0m  [["id", 22], ["LIMIT", 1]]
  ↳ app/views/shared/_navbar.html.erb:13
  Rendered shared/_navbar.html.erb (Duration: 3.1ms | Allocations: 1691)
  Rendered shared/_footer.html.erb (Duration: 0.0ms | Allocations: 5)
Completed 200 OK in 40ms (Views: 32.4ms | ActiveRecord: 2.0ms | Allocations: 16722)


Started GET "/rooms/80" for ::1 at 2021-12-16 23:33:33 +1100
Processing by RoomsController#show as HTML
  Parameters: {"id"=>"80"}
  [1m[36mRoom Load (0.9ms)[0m  [1m[34mSELECT "rooms".* FROM "rooms" WHERE "rooms"."id" = $1 LIMIT $2[0m  [["id", 80], ["LIMIT", 1]]
  ↳ app/controllers/rooms_controller.rb:43:in `set_room'
  Rendering rooms/show.html.erb within layouts/application
  [1m[36mUser Load (0.7ms)[0m  [1m[34mSELECT "users".* FROM "users" WHERE "users"."id" = $1 LIMIT $2[0m  [["id", 23], ["LIMIT", 1]]
  ↳ app/views/rooms/show.html.erb:15
  Rendered rooms/show.html.erb within layouts/application (Duration: 5.1ms | Allocations: 1245)
[Webpacker] Everything's up-to-date. Nothing to do
  [1m[36mUser Load (0.3ms)[0m  [1m[34mSELECT "users".* FROM "users" WHERE "users"."id" = $1 ORDER BY "users"."id" ASC LIMIT $2[0m  [["id", 22], ["LIMIT", 1]]
  ↳ app/views/shared/_navbar.html.erb:13
  Rendered shared/_navbar.html.erb (Duration: 2.8ms | Allocations: 1972)
  Rendered shared/_footer.html.erb (Duration: 0.3ms | Allocations: 82)
Completed 200 OK in 44ms (Views: 36.0ms | ActiveRecord: 1.9ms | Allocations: 17597)


Started GET "/rooms/80" for ::1 at 2021-12-16 23:34:23 +1100
Processing by RoomsController#show as HTML
  Parameters: {"id"=>"80"}
  [1m[36mRoom Load (0.9ms)[0m  [1m[34mSELECT "rooms".* FROM "rooms" WHERE "rooms"."id" = $1 LIMIT $2[0m  [["id", 80], ["LIMIT", 1]]
  ↳ app/controllers/rooms_controller.rb:43:in `set_room'
  Rendering rooms/show.html.erb within layouts/application
  [1m[36mUser Load (1.0ms)[0m  [1m[34mSELECT "users".* FROM "users" WHERE "users"."id" = $1 LIMIT $2[0m  [["id", 23], ["LIMIT", 1]]
  ↳ app/views/rooms/show.html.erb:15
  Rendered rooms/show.html.erb within layouts/application (Duration: 8.7ms | Allocations: 1244)
[Webpacker] Everything's up-to-date. Nothing to do
  [1m[36mUser Load (0.3ms)[0m  [1m[34mSELECT "users".* FROM "users" WHERE "users"."id" = $1 ORDER BY "users"."id" ASC LIMIT $2[0m  [["id", 22], ["LIMIT", 1]]
  ↳ app/views/shared/_navbar.html.erb:13
  Rendered shared/_navbar.html.erb (Duration: 3.5ms | Allocations: 1967)
  Rendered shared/_footer.html.erb (Duration: 0.2ms | Allocations: 82)
Completed 200 OK in 46ms (Views: 37.9ms | ActiveRecord: 2.1ms | Allocations: 17520)


Started GET "/rooms/80" for ::1 at 2021-12-16 23:34:59 +1100
Processing by RoomsController#show as HTML
  Parameters: {"id"=>"80"}
  [1m[36mRoom Load (0.8ms)[0m  [1m[34mSELECT "rooms".* FROM "rooms" WHERE "rooms"."id" = $1 LIMIT $2[0m  [["id", 80], ["LIMIT", 1]]
  ↳ app/controllers/rooms_controller.rb:43:in `set_room'
  Rendering rooms/show.html.erb within layouts/application
  [1m[36mUser Load (0.8ms)[0m  [1m[34mSELECT "users".* FROM "users" WHERE "users"."id" = $1 LIMIT $2[0m  [["id", 23], ["LIMIT", 1]]
  ↳ app/views/rooms/show.html.erb:15
  Rendered rooms/show.html.erb within layouts/application (Duration: 8.6ms | Allocations: 1242)
[Webpacker] Everything's up-to-date. Nothing to do
  [1m[36mUser Load (0.3ms)[0m  [1m[34mSELECT "users".* FROM "users" WHERE "users"."id" = $1 ORDER BY "users"."id" ASC LIMIT $2[0m  [["id", 22], ["LIMIT", 1]]
  ↳ app/views/shared/_navbar.html.erb:13
  Rendered shared/_navbar.html.erb (Duration: 3.2ms | Allocations: 1971)
  Rendered shared/_footer.html.erb (Duration: 0.2ms | Allocations: 82)
Completed 200 OK in 44ms (Views: 36.6ms | ActiveRecord: 1.9ms | Allocations: 17531)


Started GET "/rooms/80" for ::1 at 2021-12-16 23:35:11 +1100
Processing by RoomsController#show as HTML
  Parameters: {"id"=>"80"}
  [1m[36mRoom Load (0.6ms)[0m  [1m[34mSELECT "rooms".* FROM "rooms" WHERE "rooms"."id" = $1 LIMIT $2[0m  [["id", 80], ["LIMIT", 1]]
  ↳ app/controllers/rooms_controller.rb:43:in `set_room'
  Rendering rooms/show.html.erb within layouts/application
  [1m[36mUser Load (0.5ms)[0m  [1m[34mSELECT "users".* FROM "users" WHERE "users"."id" = $1 LIMIT $2[0m  [["id", 23], ["LIMIT", 1]]
  ↳ app/views/rooms/show.html.erb:15
  Rendered rooms/show.html.erb within layouts/application (Duration: 4.9ms | Allocations: 1243)
[Webpacker] Everything's up-to-date. Nothing to do
  [1m[36mUser Load (0.2ms)[0m  [1m[34mSELECT "users".* FROM "users" WHERE "users"."id" = $1 ORDER BY "users"."id" ASC LIMIT $2[0m  [["id", 22], ["LIMIT", 1]]
  ↳ app/views/shared/_navbar.html.erb:13
  Rendered shared/_navbar.html.erb (Duration: 3.0ms | Allocations: 1971)
  Rendered shared/_footer.html.erb (Duration: 0.2ms | Allocations: 82)
Completed 200 OK in 32ms (Views: 25.2ms | ActiveRecord: 1.3ms | Allocations: 17583)


Started GET "/rooms/80" for ::1 at 2021-12-16 23:35:26 +1100
Processing by RoomsController#show as HTML
  Parameters: {"id"=>"80"}
  [1m[36mRoom Load (1.1ms)[0m  [1m[34mSELECT "rooms".* FROM "rooms" WHERE "rooms"."id" = $1 LIMIT $2[0m  [["id", 80], ["LIMIT", 1]]
  ↳ app/controllers/rooms_controller.rb:43:in `set_room'
  Rendering rooms/show.html.erb within layouts/application
  [1m[36mUser Load (0.6ms)[0m  [1m[34mSELECT "users".* FROM "users" WHERE "users"."id" = $1 LIMIT $2[0m  [["id", 23], ["LIMIT", 1]]
  ↳ app/views/rooms/show.html.erb:15
  Rendered rooms/show.html.erb within layouts/application (Duration: 6.4ms | Allocations: 1250)
[Webpacker] Everything's up-to-date. Nothing to do
  [1m[36mUser Load (0.3ms)[0m  [1m[34mSELECT "users".* FROM "users" WHERE "users"."id" = $1 ORDER BY "users"."id" ASC LIMIT $2[0m  [["id", 22], ["LIMIT", 1]]
  ↳ app/views/shared/_navbar.html.erb:13
  Rendered shared/_navbar.html.erb (Duration: 3.1ms | Allocations: 1970)
  Rendered shared/_footer.html.erb (Duration: 0.2ms | Allocations: 82)
Completed 200 OK in 35ms (Views: 27.9ms | ActiveRecord: 2.0ms | Allocations: 17588)


Started GET "/rooms/80" for ::1 at 2021-12-16 23:35:38 +1100
Processing by RoomsController#show as HTML
  Parameters: {"id"=>"80"}
  [1m[36mRoom Load (1.0ms)[0m  [1m[34mSELECT "rooms".* FROM "rooms" WHERE "rooms"."id" = $1 LIMIT $2[0m  [["id", 80], ["LIMIT", 1]]
  ↳ app/controllers/rooms_controller.rb:43:in `set_room'
  Rendering rooms/show.html.erb within layouts/application
  [1m[36mUser Load (1.0ms)[0m  [1m[34mSELECT "users".* FROM "users" WHERE "users"."id" = $1 LIMIT $2[0m  [["id", 23], ["LIMIT", 1]]
  ↳ app/views/rooms/show.html.erb:15
  Rendered rooms/show.html.erb within layouts/application (Duration: 9.2ms | Allocations: 1242)
[Webpacker] Everything's up-to-date. Nothing to do
  [1m[36mUser Load (0.4ms)[0m  [1m[34mSELECT "users".* FROM "users" WHERE "users"."id" = $1 ORDER BY "users"."id" ASC LIMIT $2[0m  [["id", 22], ["LIMIT", 1]]
  ↳ app/views/shared/_navbar.html.erb:13
  Rendered shared/_navbar.html.erb (Duration: 3.6ms | Allocations: 1967)
  Rendered shared/_footer.html.erb (Duration: 0.3ms | Allocations: 82)
Completed 200 OK in 44ms (Views: 35.3ms | ActiveRecord: 2.3ms | Allocations: 17526)


Started GET "/rooms/80" for ::1 at 2021-12-16 23:36:32 +1100
Processing by RoomsController#show as HTML
  Parameters: {"id"=>"80"}
  [1m[36mRoom Load (0.2ms)[0m  [1m[34mSELECT "rooms".* FROM "rooms" WHERE "rooms"."id" = $1 LIMIT $2[0m  [["id", 80], ["LIMIT", 1]]
  ↳ app/controllers/rooms_controller.rb:43:in `set_room'
  Rendering rooms/show.html.erb within layouts/application
  [1m[36mUser Load (0.3ms)[0m  [1m[34mSELECT "users".* FROM "users" WHERE "users"."id" = $1 LIMIT $2[0m  [["id", 23], ["LIMIT", 1]]
  ↳ app/views/rooms/show.html.erb:15
  Rendered rooms/show.html.erb within layouts/application (Duration: 2.4ms | Allocations: 1243)
[Webpacker] Everything's up-to-date. Nothing to do
  [1m[36mUser Load (0.3ms)[0m  [1m[34mSELECT "users".* FROM "users" WHERE "users"."id" = $1 ORDER BY "users"."id" ASC LIMIT $2[0m  [["id", 22], ["LIMIT", 1]]
  ↳ app/views/shared/_navbar.html.erb:13
  Rendered shared/_navbar.html.erb (Duration: 2.7ms | Allocations: 1970)
  Rendered shared/_footer.html.erb (Duration: 0.2ms | Allocations: 82)
Completed 200 OK in 20ms (Views: 17.6ms | ActiveRecord: 0.8ms | Allocations: 17516)


Started GET "/rooms/80" for ::1 at 2021-12-16 23:37:01 +1100
Processing by RoomsController#show as HTML
  Parameters: {"id"=>"80"}
  [1m[36mRoom Load (0.3ms)[0m  [1m[34mSELECT "rooms".* FROM "rooms" WHERE "rooms"."id" = $1 LIMIT $2[0m  [["id", 80], ["LIMIT", 1]]
  ↳ app/controllers/rooms_controller.rb:43:in `set_room'
  Rendering rooms/show.html.erb within layouts/application
  [1m[36mUser Load (0.4ms)[0m  [1m[34mSELECT "users".* FROM "users" WHERE "users"."id" = $1 LIMIT $2[0m  [["id", 23], ["LIMIT", 1]]
  ↳ app/views/rooms/show.html.erb:15
  Rendered rooms/show.html.erb within layouts/application (Duration: 6.3ms | Allocations: 1243)
[Webpacker] Everything's up-to-date. Nothing to do
  [1m[36mUser Load (0.3ms)[0m  [1m[34mSELECT "users".* FROM "users" WHERE "users"."id" = $1 ORDER BY "users"."id" ASC LIMIT $2[0m  [["id", 22], ["LIMIT", 1]]
  ↳ app/views/shared/_navbar.html.erb:13
  Rendered shared/_navbar.html.erb (Duration: 3.0ms | Allocations: 1970)
  Rendered shared/_footer.html.erb (Duration: 0.2ms | Allocations: 82)
Completed 200 OK in 26ms (Views: 23.1ms | ActiveRecord: 0.9ms | Allocations: 17595)


Started GET "/rooms/80" for ::1 at 2021-12-16 23:37:30 +1100
Processing by RoomsController#show as HTML
  Parameters: {"id"=>"80"}
  [1m[36mRoom Load (0.7ms)[0m  [1m[34mSELECT "rooms".* FROM "rooms" WHERE "rooms"."id" = $1 LIMIT $2[0m  [["id", 80], ["LIMIT", 1]]
  ↳ app/controllers/rooms_controller.rb:43:in `set_room'
  Rendering rooms/show.html.erb within layouts/application
  [1m[36mUser Load (0.7ms)[0m  [1m[34mSELECT "users".* FROM "users" WHERE "users"."id" = $1 LIMIT $2[0m  [["id", 23], ["LIMIT", 1]]
  ↳ app/views/rooms/show.html.erb:15
  Rendered rooms/show.html.erb within layouts/application (Duration: 8.1ms | Allocations: 1244)
[Webpacker] Everything's up-to-date. Nothing to do
  [1m[36mUser Load (0.2ms)[0m  [1m[34mSELECT "users".* FROM "users" WHERE "users"."id" = $1 ORDER BY "users"."id" ASC LIMIT $2[0m  [["id", 22], ["LIMIT", 1]]
  ↳ app/views/shared/_navbar.html.erb:13
  Rendered shared/_navbar.html.erb (Duration: 3.2ms | Allocations: 1970)
  Rendered shared/_footer.html.erb (Duration: 0.2ms | Allocations: 82)
Completed 200 OK in 42ms (Views: 35.2ms | ActiveRecord: 1.6ms | Allocations: 17537)


Started GET "/dashboard" for ::1 at 2021-12-16 23:38:17 +1100
Processing by PagesController#dashboard as HTML
  [1m[36mUser Load (0.7ms)[0m  [1m[34mSELECT "users".* FROM "users" WHERE "users"."id" = $1 ORDER BY "users"."id" ASC LIMIT $2[0m  [["id", 22], ["LIMIT", 1]]
  Rendering pages/dashboard.html.erb within layouts/application
  [1m[36mBooking Load (0.6ms)[0m  [1m[34mSELECT "bookings".* FROM "bookings" WHERE "bookings"."user_id" = $1[0m  [["user_id", 22]]
  ↳ app/views/pages/dashboard.html.erb:19
  [1m[36mRoom Load (0.4ms)[0m  [1m[34mSELECT "rooms".* FROM "rooms" WHERE "rooms"."id" = $1 LIMIT $2[0m  [["id", 87], ["LIMIT", 1]]
  ↳ app/views/pages/dashboard.html.erb:21
  [1m[36mRoom Load (0.5ms)[0m  [1m[34mSELECT "rooms".* FROM "rooms" WHERE "rooms"."user_id" = $1[0m  [["user_id", 22]]
  ↳ app/views/pages/dashboard.html.erb:43
  Rendered pages/dashboard.html.erb within layouts/application (Duration: 14.6ms | Allocations: 4095)
[Webpacker] Everything's up-to-date. Nothing to do
  Rendered shared/_navbar.html.erb (Duration: 1.1ms | Allocations: 766)
  Rendered shared/_footer.html.erb (Duration: 0.0ms | Allocations: 5)
Completed 200 OK in 43ms (Views: 31.7ms | ActiveRecord: 2.1ms | Allocations: 19308)


Started GET "/" for ::1 at 2021-12-16 23:38:25 +1100
Processing by PagesController#home as HTML
  Rendering pages/home.html.erb within layouts/application
  [1m[36mRoom Load (0.7ms)[0m  [1m[34mSELECT "rooms".* FROM "rooms"[0m
  ↳ app/views/pages/home.html.erb:14
  Rendered pages/home.html.erb within layouts/application (Duration: 9.1ms | Allocations: 1802)
[Webpacker] Everything's up-to-date. Nothing to do
  [1m[36mUser Load (0.2ms)[0m  [1m[34mSELECT "users".* FROM "users" WHERE "users"."id" = $1 ORDER BY "users"."id" ASC LIMIT $2[0m  [["id", 22], ["LIMIT", 1]]
  ↳ app/views/shared/_navbar.html.erb:13
  Rendered shared/_navbar.html.erb (Duration: 2.7ms | Allocations: 1690)
  Rendered shared/_footer.html.erb (Duration: 0.0ms | Allocations: 5)
Completed 200 OK in 31ms (Views: 27.4ms | ActiveRecord: 1.0ms | Allocations: 15860)


Started GET "/rooms" for ::1 at 2021-12-16 23:38:59 +1100
Processing by RoomsController#index as HTML
  Rendering rooms/index.html.erb within layouts/application
  [1m[36mRoom Load (1.2ms)[0m  [1m[34mSELECT "rooms".* FROM "rooms"[0m
  ↳ app/views/rooms/index.html.erb:10
  Rendered rooms/index.html.erb within layouts/application (Duration: 14.6ms | Allocations: 2658)
[Webpacker] Everything's up-to-date. Nothing to do
  [1m[36mUser Load (0.3ms)[0m  [1m[34mSELECT "users".* FROM "users" WHERE "users"."id" = $1 ORDER BY "users"."id" ASC LIMIT $2[0m  [["id", 22], ["LIMIT", 1]]
  ↳ app/views/shared/_navbar.html.erb:13
  Rendered shared/_navbar.html.erb (Duration: 6.5ms | Allocations: 1688)
  Rendered shared/_footer.html.erb (Duration: 0.0ms | Allocations: 5)
Completed 200 OK in 42ms (Views: 37.6ms | ActiveRecord: 1.5ms | Allocations: 16771)


Started GET "/rooms" for ::1 at 2021-12-16 23:40:15 +1100
Processing by RoomsController#index as HTML
  Rendering rooms/index.html.erb within layouts/application
  [1m[36mRoom Load (1.1ms)[0m  [1m[34mSELECT "rooms".* FROM "rooms"[0m
  ↳ app/views/rooms/index.html.erb:10
  Rendered rooms/index.html.erb within layouts/application (Duration: 13.6ms | Allocations: 2665)
[Webpacker] Everything's up-to-date. Nothing to do
  [1m[36mUser Load (0.3ms)[0m  [1m[34mSELECT "users".* FROM "users" WHERE "users"."id" = $1 ORDER BY "users"."id" ASC LIMIT $2[0m  [["id", 22], ["LIMIT", 1]]
  ↳ app/views/shared/_navbar.html.erb:13
  Rendered shared/_navbar.html.erb (Duration: 3.1ms | Allocations: 1974)
  Rendered shared/_footer.html.erb (Duration: 0.2ms | Allocations: 83)
Completed 200 OK in 961ms (Views: 956.3ms | ActiveRecord: 1.4ms | Allocations: 107938)


Started GET "/rooms" for ::1 at 2021-12-16 23:40:35 +1100
Processing by RoomsController#index as HTML
  Rendering rooms/index.html.erb within layouts/application
  [1m[36mRoom Load (1.0ms)[0m  [1m[34mSELECT "rooms".* FROM "rooms"[0m
  ↳ app/views/rooms/index.html.erb:10
  Rendered rooms/index.html.erb within layouts/application (Duration: 11.6ms | Allocations: 2410)
[Webpacker] Everything's up-to-date. Nothing to do
  [1m[36mUser Load (0.3ms)[0m  [1m[34mSELECT "users".* FROM "users" WHERE "users"."id" = $1 ORDER BY "users"."id" ASC LIMIT $2[0m  [["id", 22], ["LIMIT", 1]]
  ↳ app/views/shared/_navbar.html.erb:13
  Rendered shared/_navbar.html.erb (Duration: 2.2ms | Allocations: 1692)
  Rendered shared/_footer.html.erb (Duration: 0.0ms | Allocations: 5)
Completed 200 OK in 924ms (Views: 920.6ms | ActiveRecord: 1.3ms | Allocations: 105944)


Started GET "/rooms" for ::1 at 2021-12-16 23:40:58 +1100
Processing by RoomsController#index as HTML
  Rendering rooms/index.html.erb within layouts/application
  [1m[36mRoom Load (0.9ms)[0m  [1m[34mSELECT "rooms".* FROM "rooms"[0m
  ↳ app/views/rooms/index.html.erb:10
  Rendered rooms/index.html.erb within layouts/application (Duration: 9.8ms | Allocations: 2404)
[Webpacker] Everything's up-to-date. Nothing to do
  [1m[36mUser Load (0.3ms)[0m  [1m[34mSELECT "users".* FROM "users" WHERE "users"."id" = $1 ORDER BY "users"."id" ASC LIMIT $2[0m  [["id", 22], ["LIMIT", 1]]
  ↳ app/views/shared/_navbar.html.erb:13
  Rendered shared/_navbar.html.erb (Duration: 2.4ms | Allocations: 1687)
  Rendered shared/_footer.html.erb (Duration: 0.0ms | Allocations: 5)
Completed 200 OK in 928ms (Views: 925.0ms | ActiveRecord: 1.1ms | Allocations: 105918)


Started GET "/rooms" for ::1 at 2021-12-16 23:41:11 +1100
Processing by RoomsController#index as HTML
  Rendering rooms/index.html.erb within layouts/application
  [1m[36mRoom Load (1.0ms)[0m  [1m[34mSELECT "rooms".* FROM "rooms"[0m
  ↳ app/views/rooms/index.html.erb:10
  Rendered rooms/index.html.erb within layouts/application (Duration: 14.0ms | Allocations: 2404)
[Webpacker] Everything's up-to-date. Nothing to do
  [1m[36mUser Load (0.3ms)[0m  [1m[34mSELECT "users".* FROM "users" WHERE "users"."id" = $1 ORDER BY "users"."id" ASC LIMIT $2[0m  [["id", 22], ["LIMIT", 1]]
  ↳ app/views/shared/_navbar.html.erb:13
  Rendered shared/_navbar.html.erb (Duration: 2.4ms | Allocations: 1687)
  Rendered shared/_footer.html.erb (Duration: 0.0ms | Allocations: 5)
Completed 200 OK in 937ms (Views: 934.4ms | ActiveRecord: 1.3ms | Allocations: 105912)


Started GET "/" for ::1 at 2021-12-16 23:41:19 +1100
Processing by PagesController#home as HTML
  Rendering pages/home.html.erb within layouts/application
  [1m[36mRoom Load (1.4ms)[0m  [1m[34mSELECT "rooms".* FROM "rooms"[0m
  ↳ app/views/pages/home.html.erb:14
  Rendered pages/home.html.erb within layouts/application (Duration: 14.1ms | Allocations: 1806)
[Webpacker] Everything's up-to-date. Nothing to do
  [1m[36mUser Load (0.3ms)[0m  [1m[34mSELECT "users".* FROM "users" WHERE "users"."id" = $1 ORDER BY "users"."id" ASC LIMIT $2[0m  [["id", 22], ["LIMIT", 1]]
  ↳ app/views/shared/_navbar.html.erb:13
  Rendered shared/_navbar.html.erb (Duration: 2.8ms | Allocations: 1687)
  Rendered shared/_footer.html.erb (Duration: 0.0ms | Allocations: 5)
Completed 200 OK in 43ms (Views: 39.0ms | ActiveRecord: 1.6ms | Allocations: 16380)


Started GET "/" for ::1 at 2021-12-16 23:42:16 +1100
Processing by PagesController#home as HTML
  Rendering pages/home.html.erb within layouts/application
  [1m[36mRoom Load (1.0ms)[0m  [1m[34mSELECT "rooms".* FROM "rooms"[0m
  ↳ app/views/pages/home.html.erb:14
  Rendered pages/home.html.erb within layouts/application (Duration: 10.3ms | Allocations: 1801)
[Webpacker] Everything's up-to-date. Nothing to do
  [1m[36mUser Load (0.3ms)[0m  [1m[34mSELECT "users".* FROM "users" WHERE "users"."id" = $1 ORDER BY "users"."id" ASC LIMIT $2[0m  [["id", 22], ["LIMIT", 1]]
  ↳ app/views/shared/_navbar.html.erb:13
  Rendered shared/_navbar.html.erb (Duration: 3.6ms | Allocations: 1967)
  Rendered shared/_footer.html.erb (Duration: 0.3ms | Allocations: 82)
Completed 200 OK in 42ms (Views: 37.8ms | ActiveRecord: 1.3ms | Allocations: 17415)


Started GET "/rooms" for ::1 at 2021-12-16 23:42:33 +1100
Processing by RoomsController#index as HTML
  Rendering rooms/index.html.erb within layouts/application
  [1m[36mRoom Load (0.6ms)[0m  [1m[34mSELECT "rooms".* FROM "rooms"[0m
  ↳ app/views/rooms/index.html.erb:10
  Rendered rooms/index.html.erb within layouts/application (Duration: 19.8ms | Allocations: 2657)
[Webpacker] Everything's up-to-date. Nothing to do
  [1m[36mUser Load (0.2ms)[0m  [1m[34mSELECT "users".* FROM "users" WHERE "users"."id" = $1 ORDER BY "users"."id" ASC LIMIT $2[0m  [["id", 22], ["LIMIT", 1]]
  ↳ app/views/shared/_navbar.html.erb:13
  Rendered shared/_navbar.html.erb (Duration: 2.6ms | Allocations: 1691)
  Rendered shared/_footer.html.erb (Duration: 0.0ms | Allocations: 5)
Completed 200 OK in 44ms (Views: 39.1ms | ActiveRecord: 0.8ms | Allocations: 17309)


Started GET "/rooms/77" for ::1 at 2021-12-16 23:42:35 +1100
Processing by RoomsController#show as HTML
  Parameters: {"id"=>"77"}
  [1m[36mRoom Load (0.6ms)[0m  [1m[34mSELECT "rooms".* FROM "rooms" WHERE "rooms"."id" = $1 LIMIT $2[0m  [["id", 77], ["LIMIT", 1]]
  ↳ app/controllers/rooms_controller.rb:43:in `set_room'
  Rendering rooms/show.html.erb within layouts/application
  [1m[36mUser Load (0.5ms)[0m  [1m[34mSELECT "users".* FROM "users" WHERE "users"."id" = $1 LIMIT $2[0m  [["id", 23], ["LIMIT", 1]]
  ↳ app/views/rooms/show.html.erb:15
  Rendered rooms/show.html.erb within layouts/application (Duration: 9.2ms | Allocations: 1245)
[Webpacker] Everything's up-to-date. Nothing to do
  [1m[36mUser Load (0.2ms)[0m  [1m[34mSELECT "users".* FROM "users" WHERE "users"."id" = $1 ORDER BY "users"."id" ASC LIMIT $2[0m  [["id", 22], ["LIMIT", 1]]
  ↳ app/views/shared/_navbar.html.erb:13
  Rendered shared/_navbar.html.erb (Duration: 2.4ms | Allocations: 1690)
  Rendered shared/_footer.html.erb (Duration: 0.0ms | Allocations: 5)
Completed 200 OK in 39ms (Views: 29.4ms | ActiveRecord: 1.4ms | Allocations: 16043)


Started GET "/dashboard" for ::1 at 2021-12-16 23:42:52 +1100
Processing by PagesController#dashboard as HTML
  [1m[36mUser Load (0.8ms)[0m  [1m[34mSELECT "users".* FROM "users" WHERE "users"."id" = $1 ORDER BY "users"."id" ASC LIMIT $2[0m  [["id", 22], ["LIMIT", 1]]
  Rendering pages/dashboard.html.erb within layouts/application
  [1m[36mBooking Load (0.7ms)[0m  [1m[34mSELECT "bookings".* FROM "bookings" WHERE "bookings"."user_id" = $1[0m  [["user_id", 22]]
  ↳ app/views/pages/dashboard.html.erb:19
  [1m[36mRoom Load (0.4ms)[0m  [1m[34mSELECT "rooms".* FROM "rooms" WHERE "rooms"."id" = $1 LIMIT $2[0m  [["id", 87], ["LIMIT", 1]]
  ↳ app/views/pages/dashboard.html.erb:21
  [1m[36mRoom Load (0.4ms)[0m  [1m[34mSELECT "rooms".* FROM "rooms" WHERE "rooms"."user_id" = $1[0m  [["user_id", 22]]
  ↳ app/views/pages/dashboard.html.erb:43
  Rendered pages/dashboard.html.erb within layouts/application (Duration: 17.2ms | Allocations: 4096)
[Webpacker] Everything's up-to-date. Nothing to do
  Rendered shared/_navbar.html.erb (Duration: 1.0ms | Allocations: 766)
  Rendered shared/_footer.html.erb (Duration: 0.0ms | Allocations: 5)
Completed 200 OK in 47ms (Views: 32.5ms | ActiveRecord: 2.4ms | Allocations: 18777)


Started GET "/rooms" for ::1 at 2021-12-16 23:43:17 +1100
Processing by RoomsController#index as HTML
  Rendering rooms/index.html.erb within layouts/application
  [1m[36mRoom Load (1.1ms)[0m  [1m[34mSELECT "rooms".* FROM "rooms"[0m
  ↳ app/views/rooms/index.html.erb:10
  Rendered rooms/index.html.erb within layouts/application (Duration: 19.0ms | Allocations: 2411)
[Webpacker] Everything's up-to-date. Nothing to do
  [1m[36mUser Load (0.3ms)[0m  [1m[34mSELECT "users".* FROM "users" WHERE "users"."id" = $1 ORDER BY "users"."id" ASC LIMIT $2[0m  [["id", 22], ["LIMIT", 1]]
  ↳ app/views/shared/_navbar.html.erb:13
  Rendered shared/_navbar.html.erb (Duration: 4.1ms | Allocations: 1688)
  Rendered shared/_footer.html.erb (Duration: 0.0ms | Allocations: 5)
Completed 200 OK in 60ms (Views: 56.9ms | ActiveRecord: 1.4ms | Allocations: 16338)


Started GET "/dashboard" for ::1 at 2021-12-16 23:43:54 +1100
Processing by PagesController#dashboard as HTML
  [1m[36mUser Load (0.8ms)[0m  [1m[34mSELECT "users".* FROM "users" WHERE "users"."id" = $1 ORDER BY "users"."id" ASC LIMIT $2[0m  [["id", 22], ["LIMIT", 1]]
  Rendering pages/dashboard.html.erb within layouts/application
  [1m[36mBooking Load (0.4ms)[0m  [1m[34mSELECT "bookings".* FROM "bookings" WHERE "bookings"."user_id" = $1[0m  [["user_id", 22]]
  ↳ app/views/pages/dashboard.html.erb:19
  [1m[36mRoom Load (0.4ms)[0m  [1m[34mSELECT "rooms".* FROM "rooms" WHERE "rooms"."id" = $1 LIMIT $2[0m  [["id", 87], ["LIMIT", 1]]
  ↳ app/views/pages/dashboard.html.erb:21
  [1m[36mRoom Load (0.4ms)[0m  [1m[34mSELECT "rooms".* FROM "rooms" WHERE "rooms"."user_id" = $1[0m  [["user_id", 22]]
  ↳ app/views/pages/dashboard.html.erb:43
  Rendered pages/dashboard.html.erb within layouts/application (Duration: 15.2ms | Allocations: 3585)
[Webpacker] Everything's up-to-date. Nothing to do
  Rendered shared/_navbar.html.erb (Duration: 1.3ms | Allocations: 762)
  Rendered shared/_footer.html.erb (Duration: 0.0ms | Allocations: 5)
Completed 200 OK in 52ms (Views: 36.2ms | ActiveRecord: 2.0ms | Allocations: 18141)


Started GET "/dashboard" for ::1 at 2021-12-16 23:44:01 +1100
Processing by PagesController#dashboard as HTML
  [1m[36mUser Load (0.7ms)[0m  [1m[34mSELECT "users".* FROM "users" WHERE "users"."id" = $1 ORDER BY "users"."id" ASC LIMIT $2[0m  [["id", 22], ["LIMIT", 1]]
  Rendering pages/dashboard.html.erb within layouts/application
  [1m[36mBooking Load (0.7ms)[0m  [1m[34mSELECT "bookings".* FROM "bookings" WHERE "bookings"."user_id" = $1[0m  [["user_id", 22]]
  ↳ app/views/pages/dashboard.html.erb:19
  [1m[36mRoom Load (0.5ms)[0m  [1m[34mSELECT "rooms".* FROM "rooms" WHERE "rooms"."id" = $1 LIMIT $2[0m  [["id", 87], ["LIMIT", 1]]
  ↳ app/views/pages/dashboard.html.erb:21
  [1m[36mRoom Load (0.5ms)[0m  [1m[34mSELECT "rooms".* FROM "rooms" WHERE "rooms"."user_id" = $1[0m  [["user_id", 22]]
  ↳ app/views/pages/dashboard.html.erb:43
  Rendered pages/dashboard.html.erb within layouts/application (Duration: 19.6ms | Allocations: 3585)
[Webpacker] Everything's up-to-date. Nothing to do
  Rendered shared/_navbar.html.erb (Duration: 1.2ms | Allocations: 762)
  Rendered shared/_footer.html.erb (Duration: 0.0ms | Allocations: 5)
Completed 200 OK in 49ms (Views: 36.5ms | ActiveRecord: 2.4ms | Allocations: 18122)


Started GET "/rooms" for ::1 at 2021-12-16 23:44:03 +1100
Processing by RoomsController#index as HTML
  Rendering rooms/index.html.erb within layouts/application
  [1m[36mRoom Load (0.9ms)[0m  [1m[34mSELECT "rooms".* FROM "rooms"[0m
  ↳ app/views/rooms/index.html.erb:10
  Rendered rooms/index.html.erb within layouts/application (Duration: 33.1ms | Allocations: 2404)
[Webpacker] Everything's up-to-date. Nothing to do
  [1m[36mUser Load (0.2ms)[0m  [1m[34mSELECT "users".* FROM "users" WHERE "users"."id" = $1 ORDER BY "users"."id" ASC LIMIT $2[0m  [["id", 22], ["LIMIT", 1]]
  ↳ app/views/shared/_navbar.html.erb:13
  Rendered shared/_navbar.html.erb (Duration: 2.2ms | Allocations: 1687)
  Rendered shared/_footer.html.erb (Duration: 0.0ms | Allocations: 5)
Completed 200 OK in 48ms (Views: 45.6ms | ActiveRecord: 1.1ms | Allocations: 16403)


